{"/home/shay/a/mghera/461/461Group2/run_URL_FILE/fetch_url.ts": {"path":"/home/shay/a/mghera/461/461Group2/run_URL_FILE/fetch_url.ts","statementMap":{"0":{"start":{"line":7,"column":0},"end":{"line":7,"column":28}},"1":{"start":{"line":8,"column":0},"end":{"line":8,"column":26}},"2":{"start":{"line":10,"column":0},"end":{"line":10,"column":37}},"3":{"start":{"line":13,"column":0},"end":{"line":13,"column":28}},"4":{"start":{"line":14,"column":0},"end":{"line":14,"column":20}},"5":{"start":{"line":16,"column":0},"end":{"line":16,"column":23}},"6":{"start":{"line":18,"column":13},"end":{"line":18,"column":48}},"7":{"start":{"line":21,"column":24},"end":{"line":21,"column":43}},"8":{"start":{"line":22,"column":12},"end":{"line":22,"column":26}},"9":{"start":{"line":23,"column":0},"end":{"line":23,"column":33}},"10":{"start":{"line":24,"column":0},"end":{"line":24,"column":37}},"11":{"start":{"line":25,"column":0},"end":{"line":25,"column":36}},"12":{"start":{"line":26,"column":18},"end":{"line":26,"column":33}},"13":{"start":{"line":28,"column":31},"end":{"line":28,"column":33}},"14":{"start":{"line":30,"column":0},"end":{"line":30,"column":null}},"15":{"start":{"line":38,"column":0},"end":{"line":38,"column":null}},"16":{"start":{"line":43,"column":0},"end":{"line":43,"column":16}},"17":{"start":{"line":48,"column":19},"end":{"line":48,"column":20}},"18":{"start":{"line":51,"column":13},"end":{"line":51,"column":34}},"19":{"start":{"line":54,"column":4},"end":{"line":54,"column":21}},"20":{"start":{"line":55,"column":4},"end":{"line":55,"column":49}},"21":{"start":{"line":56,"column":4},"end":{"line":56,"column":30}},"22":{"start":{"line":57,"column":4},"end":{"line":57,"column":24}},"23":{"start":{"line":58,"column":4},"end":{"line":58,"column":32}},"24":{"start":{"line":59,"column":4},"end":{"line":59,"column":27}},"25":{"start":{"line":60,"column":4},"end":{"line":60,"column":29}},"26":{"start":{"line":61,"column":4},"end":{"line":61,"column":38}},"27":{"start":{"line":62,"column":4},"end":{"line":62,"column":26}},"28":{"start":{"line":65,"column":8},"end":{"line":65,"column":41}},"29":{"start":{"line":69,"column":8},"end":{"line":69,"column":41}},"30":{"start":{"line":73,"column":8},"end":{"line":73,"column":29}},"31":{"start":{"line":77,"column":8},"end":{"line":77,"column":37}},"32":{"start":{"line":81,"column":8},"end":{"line":81,"column":35}},"33":{"start":{"line":85,"column":8},"end":{"line":85,"column":null}},"34":{"start":{"line":89,"column":8},"end":{"line":89,"column":39}},"35":{"start":{"line":93,"column":8},"end":{"line":93,"column":57}},"36":{"start":{"line":97,"column":8},"end":{"line":97,"column":33}},"37":{"start":{"line":101,"column":23},"end":{"line":109,"column":null}},"38":{"start":{"line":110,"column":8},"end":{"line":110,"column":60}},"39":{"start":{"line":111,"column":8},"end":{"line":111,"column":38}},"40":{"start":{"line":112,"column":8},"end":{"line":114,"column":11}},"41":{"start":{"line":113,"column":12},"end":{"line":113,"column":63}},"42":{"start":{"line":116,"column":26},"end":{"line":116,"column":44}},"43":{"start":{"line":117,"column":8},"end":{"line":117,"column":32}},"44":{"start":{"line":118,"column":8},"end":{"line":118,"column":24}},"45":{"start":{"line":120,"column":8},"end":{"line":122,"column":11}},"46":{"start":{"line":121,"column":10},"end":{"line":121,"column":37}},"47":{"start":{"line":124,"column":8},"end":{"line":124,"column":41}},"48":{"start":{"line":125,"column":8},"end":{"line":125,"column":52}},"49":{"start":{"line":126,"column":8},"end":{"line":126,"column":54}},"50":{"start":{"line":127,"column":8},"end":{"line":127,"column":63}},"51":{"start":{"line":128,"column":8},"end":{"line":128,"column":60}},"52":{"start":{"line":129,"column":8},"end":{"line":129,"column":82}},"53":{"start":{"line":130,"column":8},"end":{"line":130,"column":66}},"54":{"start":{"line":132,"column":8},"end":{"line":132,"column":null}},"55":{"start":{"line":53,"column":0},"end":{"line":53,"column":13}},"56":{"start":{"line":142,"column":8},"end":{"line":142,"column":23}},"57":{"start":{"line":143,"column":8},"end":{"line":143,"column":39}},"58":{"start":{"line":144,"column":8},"end":{"line":144,"column":41}},"59":{"start":{"line":148,"column":8},"end":{"line":150,"column":null}},"60":{"start":{"line":149,"column":12},"end":{"line":149,"column":37}},"61":{"start":{"line":151,"column":8},"end":{"line":151,"column":18}},"62":{"start":{"line":155,"column":8},"end":{"line":155,"column":32}},"63":{"start":{"line":136,"column":2},"end":{"line":136,"column":15}},"64":{"start":{"line":160,"column":25},"end":{"line":160,"column":49}},"65":{"start":{"line":161,"column":4},"end":{"line":168,"column":null}},"66":{"start":{"line":162,"column":22},"end":{"line":162,"column":85}},"67":{"start":{"line":163,"column":8},"end":{"line":163,"column":28}},"68":{"start":{"line":164,"column":8},"end":{"line":164,"column":20}},"69":{"start":{"line":166,"column":8},"end":{"line":166,"column":44}},"70":{"start":{"line":167,"column":8},"end":{"line":167,"column":28}},"71":{"start":{"line":174,"column":20},"end":{"line":176,"column":6}},"72":{"start":{"line":178,"column":4},"end":{"line":178,"column":80}},"73":{"start":{"line":180,"column":4},"end":{"line":189,"column":11}},"74":{"start":{"line":182,"column":12},"end":{"line":184,"column":null}},"75":{"start":{"line":183,"column":16},"end":{"line":183,"column":47}},"76":{"start":{"line":187,"column":12},"end":{"line":187,"column":65}},"77":{"start":{"line":188,"column":12},"end":{"line":188,"column":44}},"78":{"start":{"line":191,"column":4},"end":{"line":196,"column":null}},"79":{"start":{"line":192,"column":8},"end":{"line":192,"column":74}},"80":{"start":{"line":194,"column":8},"end":{"line":194,"column":84}},"81":{"start":{"line":195,"column":8},"end":{"line":195,"column":83}},"82":{"start":{"line":198,"column":4},"end":{"line":200,"column":7}},"83":{"start":{"line":199,"column":8},"end":{"line":199,"column":47}},"84":{"start":{"line":202,"column":33},"end":{"line":202,"column":95}},"85":{"start":{"line":203,"column":4},"end":{"line":203,"column":61}},"86":{"start":{"line":205,"column":4},"end":{"line":205,"column":22}},"87":{"start":{"line":209,"column":4},"end":{"line":214,"column":7}},"88":{"start":{"line":210,"column":8},"end":{"line":213,"column":32}},"89":{"start":{"line":218,"column":4},"end":{"line":218,"column":31}},"90":{"start":{"line":220,"column":4},"end":{"line":256,"column":null}},"91":{"start":{"line":222,"column":25},"end":{"line":222,"column":53}},"92":{"start":{"line":223,"column":8},"end":{"line":225,"column":null}},"93":{"start":{"line":224,"column":12},"end":{"line":224,"column":35}},"94":{"start":{"line":228,"column":27},"end":{"line":228,"column":61}},"95":{"start":{"line":231,"column":28},"end":{"line":231,"column":63}},"96":{"start":{"line":232,"column":25},"end":{"line":232,"column":80}},"97":{"start":{"line":233,"column":8},"end":{"line":233,"column":62}},"98":{"start":{"line":235,"column":8},"end":{"line":238,"column":11}},"99":{"start":{"line":236,"column":12},"end":{"line":236,"column":45}},"100":{"start":{"line":237,"column":12},"end":{"line":237,"column":46}},"101":{"start":{"line":241,"column":8},"end":{"line":241,"column":52}},"102":{"start":{"line":245,"column":8},"end":{"line":247,"column":11}},"103":{"start":{"line":246,"column":12},"end":{"line":246,"column":64}},"104":{"start":{"line":250,"column":8},"end":{"line":250,"column":35}},"105":{"start":{"line":252,"column":8},"end":{"line":252,"column":39}},"106":{"start":{"line":258,"column":4},"end":{"line":258,"column":98}},"107":{"start":{"line":259,"column":4},"end":{"line":259,"column":67}},"108":{"start":{"line":260,"column":4},"end":{"line":260,"column":58}},"109":{"start":{"line":262,"column":4},"end":{"line":262,"column":22}},"110":{"start":{"line":266,"column":4},"end":{"line":273,"column":null}},"111":{"start":{"line":266,"column":21},"end":{"line":266,"column":25}},"112":{"start":{"line":267,"column":25},"end":{"line":267,"column":36}},"113":{"start":{"line":268,"column":8},"end":{"line":271,"column":null}},"114":{"start":{"line":270,"column":16},"end":{"line":270,"column":51}},"115":{"start":{"line":272,"column":8},"end":{"line":272,"column":37}},"116":{"start":{"line":275,"column":14},"end":{"line":275,"column":15}},"117":{"start":{"line":276,"column":4},"end":{"line":285,"column":27}},"118":{"start":{"line":277,"column":22},"end":{"line":277,"column":86}},"119":{"start":{"line":278,"column":25},"end":{"line":278,"column":43}},"120":{"start":{"line":279,"column":8},"end":{"line":284,"column":11}},"121":{"start":{"line":280,"column":10},"end":{"line":283,"column":14}},"122":{"start":{"line":282,"column":12},"end":{"line":282,"column":30}},"123":{"start":{"line":290,"column":4},"end":{"line":335,"column":null}},"124":{"start":{"line":291,"column":19},"end":{"line":291,"column":64}},"125":{"start":{"line":293,"column":20},"end":{"line":293,"column":36}},"126":{"start":{"line":295,"column":26},"end":{"line":295,"column":28}},"127":{"start":{"line":297,"column":6},"end":{"line":329,"column":null}},"128":{"start":{"line":298,"column":8},"end":{"line":298,"column":27}},"129":{"start":{"line":300,"column":8},"end":{"line":328,"column":null}},"130":{"start":{"line":301,"column":28},"end":{"line":301,"column":30}},"131":{"start":{"line":302,"column":44},"end":{"line":302,"column":46}},"132":{"start":{"line":304,"column":10},"end":{"line":320,"column":null}},"133":{"start":{"line":305,"column":26},"end":{"line":305,"column":41}},"134":{"start":{"line":306,"column":12},"end":{"line":306,"column":50}},"135":{"start":{"line":307,"column":12},"end":{"line":307,"column":32}},"136":{"start":{"line":310,"column":34},"end":{"line":310,"column":69}},"137":{"start":{"line":311,"column":12},"end":{"line":314,"column":null}},"138":{"start":{"line":312,"column":14},"end":{"line":312,"column":49}},"139":{"start":{"line":313,"column":14},"end":{"line":313,"column":47}},"140":{"start":{"line":316,"column":15},"end":{"line":320,"column":null}},"141":{"start":{"line":317,"column":26},"end":{"line":317,"column":41}},"142":{"start":{"line":318,"column":12},"end":{"line":318,"column":50}},"143":{"start":{"line":319,"column":12},"end":{"line":319,"column":51}},"144":{"start":{"line":322,"column":25},"end":{"line":322,"column":65}},"145":{"start":{"line":323,"column":10},"end":{"line":323,"column":28}},"146":{"start":{"line":327,"column":10},"end":{"line":327,"column":53}},"147":{"start":{"line":330,"column":6},"end":{"line":330,"column":18}},"148":{"start":{"line":333,"column":6},"end":{"line":333,"column":49}},"149":{"start":{"line":334,"column":6},"end":{"line":334,"column":16}},"150":{"start":{"line":339,"column":2},"end":{"line":358,"column":null}},"151":{"start":{"line":341,"column":24},"end":{"line":341,"column":47}},"152":{"start":{"line":342,"column":16},"end":{"line":342,"column":76}},"153":{"start":{"line":345,"column":26},"end":{"line":345,"column":72}},"154":{"start":{"line":347,"column":4},"end":{"line":353,"column":null}},"155":{"start":{"line":349,"column":20},"end":{"line":349,"column":44}},"156":{"start":{"line":350,"column":19},"end":{"line":350,"column":62}},"157":{"start":{"line":351,"column":20},"end":{"line":351,"column":43}},"158":{"start":{"line":352,"column":6},"end":{"line":352,"column":29}},"159":{"start":{"line":356,"column":4},"end":{"line":356,"column":60}},"160":{"start":{"line":357,"column":4},"end":{"line":357,"column":16}},"161":{"start":{"line":362,"column":4},"end":{"line":364,"column":null}},"162":{"start":{"line":363,"column":8},"end":{"line":363,"column":34}},"163":{"start":{"line":369,"column":21},"end":{"line":369,"column":40}},"164":{"start":{"line":375,"column":15},"end":{"line":375,"column":30}},"165":{"start":{"line":376,"column":22},"end":{"line":376,"column":24}},"166":{"start":{"line":378,"column":0},"end":{"line":383,"column":3}},"167":{"start":{"line":379,"column":4},"end":{"line":379,"column":null}},"168":{"start":{"line":380,"column":4},"end":{"line":382,"column":7}},"169":{"start":{"line":381,"column":8},"end":{"line":381,"column":37}},"170":{"start":{"line":385,"column":0},"end":{"line":394,"column":2}}},"fnMap":{"0":{"name":"(anonymous_21)","decl":{"start":{"line":53,"column":0},"end":{"line":53,"column":13}},"loc":{"start":{"line":53,"column":0},"end":{"line":134,"column":3}}},"1":{"name":"(anonymous_22)","decl":{"start":{"line":64,"column":4},"end":{"line":64,"column":19}},"loc":{"start":{"line":64,"column":53},"end":{"line":66,"column":5}}},"2":{"name":"(anonymous_23)","decl":{"start":{"line":68,"column":4},"end":{"line":68,"column":19}},"loc":{"start":{"line":68,"column":40},"end":{"line":70,"column":5}}},"3":{"name":"(anonymous_24)","decl":{"start":{"line":72,"column":4},"end":{"line":72,"column":13}},"loc":{"start":{"line":72,"column":28},"end":{"line":74,"column":5}}},"4":{"name":"(anonymous_25)","decl":{"start":{"line":76,"column":4},"end":{"line":76,"column":17}},"loc":{"start":{"line":76,"column":37},"end":{"line":78,"column":5}}},"5":{"name":"(anonymous_26)","decl":{"start":{"line":80,"column":4},"end":{"line":80,"column":16}},"loc":{"start":{"line":80,"column":34},"end":{"line":82,"column":5}}},"6":{"name":"(anonymous_27)","decl":{"start":{"line":84,"column":4},"end":{"line":84,"column":10}},"loc":{"start":{"line":84,"column":22},"end":{"line":86,"column":5}}},"7":{"name":"(anonymous_28)","decl":{"start":{"line":88,"column":4},"end":{"line":88,"column":18}},"loc":{"start":{"line":88,"column":38},"end":{"line":90,"column":5}}},"8":{"name":"(anonymous_29)","decl":{"start":{"line":92,"column":4},"end":{"line":92,"column":27}},"loc":{"start":{"line":92,"column":56},"end":{"line":94,"column":5}}},"9":{"name":"(anonymous_30)","decl":{"start":{"line":96,"column":4},"end":{"line":96,"column":15}},"loc":{"start":{"line":96,"column":32},"end":{"line":98,"column":5}}},"10":{"name":"(anonymous_31)","decl":{"start":{"line":100,"column":4},"end":{"line":100,"column":16}},"loc":{"start":{"line":100,"column":16},"end":{"line":133,"column":5}}},"11":{"name":"(anonymous_32)","decl":{"start":{"line":112,"column":34},"end":{"line":112,"column":35}},"loc":{"start":{"line":112,"column":65},"end":{"line":114,"column":9}}},"12":{"name":"(anonymous_33)","decl":{"start":{"line":120,"column":29},"end":{"line":120,"column":30}},"loc":{"start":{"line":120,"column":46},"end":{"line":122,"column":9}}},"13":{"name":"(anonymous_34)","decl":{"start":{"line":141,"column":4},"end":{"line":141,"column":16}},"loc":{"start":{"line":141,"column":78},"end":{"line":145,"column":5}}},"14":{"name":"(anonymous_35)","decl":{"start":{"line":147,"column":4},"end":{"line":147,"column":19}},"loc":{"start":{"line":147,"column":19},"end":{"line":152,"column":5}}},"15":{"name":"(anonymous_36)","decl":{"start":{"line":154,"column":4},"end":{"line":154,"column":18}},"loc":{"start":{"line":154,"column":18},"end":{"line":156,"column":5}}},"16":{"name":"retrieveGithubKey","decl":{"start":{"line":159,"column":9},"end":{"line":159,"column":26}},"loc":{"start":{"line":159,"column":26},"end":{"line":169,"column":1}}},"17":{"name":"getPackageObject","decl":{"start":{"line":173,"column":15},"end":{"line":173,"column":31}},"loc":{"start":{"line":173,"column":102},"end":{"line":206,"column":null}}},"18":{"name":"(anonymous_40)","decl":{"start":{"line":181,"column":14},"end":{"line":181,"column":15}},"loc":{"start":{"line":181,"column":27},"end":{"line":185,"column":9}}},"19":{"name":"(anonymous_41)","decl":{"start":{"line":186,"column":16},"end":{"line":186,"column":17}},"loc":{"start":{"line":186,"column":24},"end":{"line":189,"column":9}}},"20":{"name":"(anonymous_42)","decl":{"start":{"line":198,"column":63},"end":{"line":198,"column":64}},"loc":{"start":{"line":198,"column":79},"end":{"line":200,"column":5}}},"21":{"name":"extractTarball","decl":{"start":{"line":208,"column":15},"end":{"line":208,"column":29}},"loc":{"start":{"line":208,"column":68},"end":{"line":215,"column":null}}},"22":{"name":"(anonymous_45)","decl":{"start":{"line":209,"column":29},"end":{"line":209,"column":30}},"loc":{"start":{"line":209,"column":49},"end":{"line":214,"column":5}}},"23":{"name":"cloneRepository","decl":{"start":{"line":217,"column":15},"end":{"line":217,"column":30}},"loc":{"start":{"line":217,"column":67},"end":{"line":263,"column":null}}},"24":{"name":"(anonymous_48)","decl":{"start":{"line":235,"column":26},"end":{"line":235,"column":27}},"loc":{"start":{"line":235,"column":46},"end":{"line":238,"column":9}}},"25":{"name":"(anonymous_49)","decl":{"start":{"line":245,"column":45},"end":{"line":245,"column":46}},"loc":{"start":{"line":245,"column":58},"end":{"line":247,"column":9}}},"26":{"name":"calculateAllMetrics","decl":{"start":{"line":265,"column":15},"end":{"line":265,"column":34}},"loc":{"start":{"line":265,"column":49},"end":{"line":286,"column":null}}},"27":{"name":"(anonymous_52)","decl":{"start":{"line":269,"column":18},"end":{"line":269,"column":19}},"loc":{"start":{"line":269,"column":44},"end":{"line":271,"column":13}}},"28":{"name":"(anonymous_53)","decl":{"start":{"line":276,"column":40},"end":{"line":276,"column":41}},"loc":{"start":{"line":276,"column":52},"end":{"line":285,"column":7}}},"29":{"name":"(anonymous_54)","decl":{"start":{"line":279,"column":27},"end":{"line":279,"column":34}},"loc":{"start":{"line":279,"column":37},"end":{"line":284,"column":9}}},"30":{"name":"(anonymous_55)","decl":{"start":{"line":281,"column":16},"end":{"line":281,"column":17}},"loc":{"start":{"line":281,"column":29},"end":{"line":283,"column":12}}},"31":{"name":"fetchUrlsFromFile","decl":{"start":{"line":289,"column":15},"end":{"line":289,"column":32}},"loc":{"start":{"line":289,"column":49},"end":{"line":336,"column":null}}},"32":{"name":"getGithubDetailsFromNpm","decl":{"start":{"line":338,"column":15},"end":{"line":338,"column":38}},"loc":{"start":{"line":338,"column":53},"end":{"line":359,"column":null}}},"33":{"name":"printAllMetrics","decl":{"start":{"line":361,"column":9},"end":{"line":361,"column":24}},"loc":{"start":{"line":361,"column":44},"end":{"line":365,"column":1}}},"34":{"name":"(anonymous_61)","decl":{"start":{"line":378,"column":33},"end":{"line":378,"column":34}},"loc":{"start":{"line":378,"column":42},"end":{"line":383,"column":1}}},"35":{"name":"(anonymous_62)","decl":{"start":{"line":380,"column":39},"end":{"line":380,"column":42}},"loc":{"start":{"line":380,"column":44},"end":{"line":382,"column":5}}}},"branchMap":{"0":{"loc":{"start":{"line":148,"column":8},"end":{"line":150,"column":null}},"type":"if","locations":[{"start":{"line":148,"column":8},"end":{"line":150,"column":null}}]},"1":{"loc":{"start":{"line":161,"column":4},"end":{"line":168,"column":null}},"type":"if","locations":[{"start":{"line":161,"column":4},"end":{"line":168,"column":null}},{"start":{"line":165,"column":11},"end":{"line":168,"column":null}}]},"2":{"loc":{"start":{"line":182,"column":12},"end":{"line":184,"column":null}},"type":"if","locations":[{"start":{"line":182,"column":12},"end":{"line":184,"column":null}}]},"3":{"loc":{"start":{"line":191,"column":4},"end":{"line":196,"column":null}},"type":"if","locations":[{"start":{"line":191,"column":4},"end":{"line":196,"column":null}},{"start":{"line":193,"column":11},"end":{"line":196,"column":null}}]},"4":{"loc":{"start":{"line":223,"column":8},"end":{"line":225,"column":null}},"type":"if","locations":[{"start":{"line":223,"column":8},"end":{"line":225,"column":null}}]},"5":{"loc":{"start":{"line":300,"column":8},"end":{"line":328,"column":null}},"type":"if","locations":[{"start":{"line":300,"column":8},"end":{"line":328,"column":null}},{"start":{"line":325,"column":13},"end":{"line":328,"column":null}}]},"6":{"loc":{"start":{"line":300,"column":12},"end":{"line":300,"column":98}},"type":"binary-expr","locations":[{"start":{"line":300,"column":12},"end":{"line":300,"column":35}},{"start":{"line":300,"column":40},"end":{"line":300,"column":66}},{"start":{"line":300,"column":70},"end":{"line":300,"column":97}}]},"7":{"loc":{"start":{"line":304,"column":10},"end":{"line":320,"column":null}},"type":"if","locations":[{"start":{"line":304,"column":10},"end":{"line":320,"column":null}},{"start":{"line":316,"column":15},"end":{"line":320,"column":null}}]},"8":{"loc":{"start":{"line":311,"column":12},"end":{"line":314,"column":null}},"type":"if","locations":[{"start":{"line":311,"column":12},"end":{"line":314,"column":null}}]},"9":{"loc":{"start":{"line":316,"column":15},"end":{"line":320,"column":null}},"type":"if","locations":[{"start":{"line":316,"column":15},"end":{"line":320,"column":null}}]},"10":{"loc":{"start":{"line":345,"column":26},"end":{"line":345,"column":72}},"type":"binary-expr","locations":[{"start":{"line":345,"column":26},"end":{"line":345,"column":45}},{"start":{"line":345,"column":49},"end":{"line":345,"column":72}}]},"11":{"loc":{"start":{"line":347,"column":4},"end":{"line":353,"column":null}},"type":"if","locations":[{"start":{"line":347,"column":4},"end":{"line":353,"column":null}}]},"12":{"loc":{"start":{"line":347,"column":8},"end":{"line":347,"column":61}},"type":"binary-expr","locations":[{"start":{"line":347,"column":8},"end":{"line":347,"column":21}},{"start":{"line":347,"column":25},"end":{"line":347,"column":61}}]}},"s":{"0":1,"1":1,"2":1,"3":1,"4":1,"5":1,"6":1,"7":1,"8":1,"9":1,"10":1,"11":1,"12":1,"13":1,"14":1,"15":1,"16":1,"17":1,"18":1,"19":3,"20":3,"21":3,"22":3,"23":3,"24":3,"25":3,"26":3,"27":3,"28":3,"29":0,"30":1,"31":1,"32":1,"33":1,"34":3,"35":3,"36":1,"37":1,"38":1,"39":1,"40":1,"41":0,"42":1,"43":1,"44":1,"45":1,"46":1,"47":1,"48":1,"49":1,"50":1,"51":1,"52":1,"53":1,"54":1,"55":1,"56":1,"57":1,"58":1,"59":2,"60":0,"61":2,"62":0,"63":1,"64":4,"65":4,"66":1,"67":1,"68":1,"69":3,"70":3,"71":3,"72":3,"73":3,"74":2,"75":0,"76":1,"77":1,"78":3,"79":3,"80":0,"81":0,"82":3,"83":3,"84":3,"85":3,"86":3,"87":0,"88":0,"89":1,"90":1,"91":1,"92":1,"93":1,"94":1,"95":1,"96":1,"97":1,"98":0,"99":0,"100":0,"101":0,"102":0,"103":0,"104":0,"105":0,"106":1,"107":1,"108":1,"109":1,"110":2,"111":1,"112":1,"113":1,"114":1,"115":1,"116":2,"117":2,"118":1,"119":1,"120":1,"121":1,"122":1,"123":1,"124":1,"125":0,"126":0,"127":0,"128":0,"129":0,"130":0,"131":0,"132":0,"133":0,"134":0,"135":0,"136":0,"137":0,"138":0,"139":0,"140":0,"141":0,"142":0,"143":0,"144":0,"145":0,"146":0,"147":0,"148":1,"149":1,"150":3,"151":3,"152":3,"153":2,"154":2,"155":0,"156":0,"157":0,"158":0,"159":1,"160":1,"161":1,"162":1,"163":1,"164":1,"165":1,"166":1,"167":1,"168":1,"169":1,"170":1},"f":{"0":3,"1":3,"2":0,"3":1,"4":1,"5":1,"6":1,"7":3,"8":3,"9":1,"10":1,"11":0,"12":1,"13":1,"14":2,"15":0,"16":4,"17":3,"18":2,"19":1,"20":3,"21":0,"22":0,"23":1,"24":0,"25":0,"26":2,"27":1,"28":1,"29":1,"30":1,"31":1,"32":3,"33":1,"34":1,"35":1},"b":{"0":[0],"1":[1,3],"2":[0],"3":[3,0],"4":[1],"5":[0,0],"6":[0,0,0],"7":[0,0],"8":[0],"9":[0],"10":[2,1],"11":[0],"12":[2,1]}}
,"/home/shay/a/mghera/461/461Group2/run_URL_FILE/logger.ts": {"path":"/home/shay/a/mghera/461/461Group2/run_URL_FILE/logger.ts","statementMap":{"0":{"start":{"line":1,"column":0},"end":{"line":1,"column":43}},"1":{"start":{"line":3,"column":44},"end":{"line":7,"column":null}},"2":{"start":{"line":9,"column":19},"end":{"line":13,"column":null}},"3":{"start":{"line":16,"column":21},"end":{"line":16,"column":50}},"4":{"start":{"line":17,"column":4},"end":{"line":28,"column":null}},"5":{"start":{"line":19,"column":8},"end":{"line":19,"column":28}},"6":{"start":{"line":21,"column":9},"end":{"line":28,"column":null}},"7":{"start":{"line":23,"column":8},"end":{"line":23,"column":28}},"8":{"start":{"line":25,"column":9},"end":{"line":28,"column":null}},"9":{"start":{"line":27,"column":8},"end":{"line":27,"column":28}},"10":{"start":{"line":30,"column":4},"end":{"line":30,"column":31}},"11":{"start":{"line":34,"column":20},"end":{"line":34,"column":40}},"12":{"start":{"line":35,"column":4},"end":{"line":39,"column":null}},"13":{"start":{"line":36,"column":22},"end":{"line":36,"column":93}},"14":{"start":{"line":37,"column":8},"end":{"line":37,"column":41}},"15":{"start":{"line":38,"column":8},"end":{"line":38,"column":20}},"16":{"start":{"line":41,"column":4},"end":{"line":41,"column":19}},"17":{"start":{"line":45,"column":21},"end":{"line":45,"column":34}},"18":{"start":{"line":46,"column":20},"end":{"line":46,"column":32}},"19":{"start":{"line":48,"column":19},"end":{"line":55,"column":8}},"20":{"start":{"line":57,"column":4},"end":{"line":57,"column":18}},"21":{"start":{"line":44,"column":0},"end":{"line":44,"column":16}}},"fnMap":{"0":{"name":"getLogLevel","decl":{"start":{"line":15,"column":9},"end":{"line":15,"column":20}},"loc":{"start":{"line":15,"column":20},"end":{"line":31,"column":1}}},"1":{"name":"getLogPath","decl":{"start":{"line":33,"column":9},"end":{"line":33,"column":19}},"loc":{"start":{"line":33,"column":19},"end":{"line":42,"column":1}}},"2":{"name":"getLogger","decl":{"start":{"line":44,"column":16},"end":{"line":44,"column":25}},"loc":{"start":{"line":44,"column":25},"end":{"line":58,"column":1}}}},"branchMap":{"0":{"loc":{"start":{"line":17,"column":4},"end":{"line":28,"column":null}},"type":"if","locations":[{"start":{"line":17,"column":4},"end":{"line":28,"column":null}},{"start":{"line":21,"column":9},"end":{"line":28,"column":null}}]},"1":{"loc":{"start":{"line":21,"column":9},"end":{"line":28,"column":null}},"type":"if","locations":[{"start":{"line":21,"column":9},"end":{"line":28,"column":null}},{"start":{"line":25,"column":9},"end":{"line":28,"column":null}}]},"2":{"loc":{"start":{"line":25,"column":9},"end":{"line":28,"column":null}},"type":"if","locations":[{"start":{"line":25,"column":9},"end":{"line":28,"column":null}}]},"3":{"loc":{"start":{"line":35,"column":4},"end":{"line":39,"column":null}},"type":"if","locations":[{"start":{"line":35,"column":4},"end":{"line":39,"column":null}}]}},"s":{"0":1,"1":1,"2":1,"3":1,"4":1,"5":0,"6":1,"7":0,"8":1,"9":0,"10":1,"11":1,"12":1,"13":0,"14":0,"15":0,"16":1,"17":1,"18":1,"19":1,"20":1,"21":1},"f":{"0":1,"1":1,"2":1},"b":{"0":[0,1],"1":[0,1],"2":[0],"3":[0]}}
,"/home/shay/a/mghera/461/461Group2/run_URL_FILE/metric_calcs.ts": {"path":"/home/shay/a/mghera/461/461Group2/run_URL_FILE/metric_calcs.ts","statementMap":{"0":{"start":{"line":3,"column":0},"end":{"line":3,"column":45}},"1":{"start":{"line":5,"column":0},"end":{"line":5,"column":null}},"2":{"start":{"line":16,"column":19},"end":{"line":16,"column":20}},"3":{"start":{"line":19,"column":20},"end":{"line":19,"column":21}},"4":{"start":{"line":24,"column":29},"end":{"line":24,"column":42}},"5":{"start":{"line":25,"column":30},"end":{"line":25,"column":42}},"6":{"start":{"line":29,"column":27},"end":{"line":29,"column":71}},"7":{"start":{"line":30,"column":20},"end":{"line":30,"column":83}},"8":{"start":{"line":31,"column":4},"end":{"line":31,"column":26}},"9":{"start":{"line":32,"column":4},"end":{"line":32,"column":21}},"10":{"start":{"line":35,"column":4},"end":{"line":35,"column":64}},"11":{"start":{"line":37,"column":4},"end":{"line":37,"column":61}},"12":{"start":{"line":39,"column":4},"end":{"line":39,"column":21}},"13":{"start":{"line":18,"column":0},"end":{"line":18,"column":16}},"14":{"start":{"line":43,"column":23},"end":{"line":43,"column":24}},"15":{"start":{"line":47,"column":30},"end":{"line":47,"column":42}},"16":{"start":{"line":50,"column":20},"end":{"line":50,"column":21}},"17":{"start":{"line":51,"column":4},"end":{"line":56,"column":null}},"18":{"start":{"line":52,"column":8},"end":{"line":52,"column":24}},"19":{"start":{"line":54,"column":31},"end":{"line":54,"column":66}},"20":{"start":{"line":55,"column":8},"end":{"line":55,"column":73}},"21":{"start":{"line":61,"column":23},"end":{"line":61,"column":24}},"22":{"start":{"line":62,"column":26},"end":{"line":62,"column":27}},"23":{"start":{"line":63,"column":26},"end":{"line":63,"column":27}},"24":{"start":{"line":64,"column":4},"end":{"line":67,"column":7}},"25":{"start":{"line":65,"column":8},"end":{"line":65,"column":30}},"26":{"start":{"line":66,"column":8},"end":{"line":66,"column":26}},"27":{"start":{"line":68,"column":4},"end":{"line":70,"column":7}},"28":{"start":{"line":69,"column":8},"end":{"line":69,"column":62}},"29":{"start":{"line":71,"column":4},"end":{"line":71,"column":39}},"30":{"start":{"line":72,"column":4},"end":{"line":74,"column":null}},"31":{"start":{"line":73,"column":8},"end":{"line":73,"column":29}},"32":{"start":{"line":75,"column":4},"end":{"line":75,"column":79}},"33":{"start":{"line":78,"column":4},"end":{"line":78,"column":59}},"34":{"start":{"line":80,"column":4},"end":{"line":80,"column":70}},"35":{"start":{"line":82,"column":4},"end":{"line":82,"column":62}},"36":{"start":{"line":84,"column":4},"end":{"line":84,"column":null}},"37":{"start":{"line":42,"column":0},"end":{"line":42,"column":16}},"38":{"start":{"line":88,"column":4},"end":{"line":106,"column":null}},"39":{"start":{"line":89,"column":20},"end":{"line":89,"column":65}},"40":{"start":{"line":90,"column":8},"end":{"line":90,"column":45}},"41":{"start":{"line":91,"column":27},"end":{"line":91,"column":78}},"42":{"start":{"line":93,"column":28},"end":{"line":93,"column":31}},"43":{"start":{"line":94,"column":29},"end":{"line":94,"column":32}},"44":{"start":{"line":95,"column":33},"end":{"line":95,"column":104}},"45":{"start":{"line":97,"column":28},"end":{"line":97,"column":82}},"46":{"start":{"line":98,"column":8},"end":{"line":98,"column":72}},"47":{"start":{"line":100,"column":8},"end":{"line":100,"column":null}},"48":{"start":{"line":103,"column":8},"end":{"line":103,"column":71}},"49":{"start":{"line":104,"column":8},"end":{"line":104,"column":70}},"50":{"start":{"line":105,"column":8},"end":{"line":105,"column":18}},"51":{"start":{"line":87,"column":0},"end":{"line":87,"column":22}},"52":{"start":{"line":110,"column":4},"end":{"line":129,"column":null}},"53":{"start":{"line":111,"column":32},"end":{"line":111,"column":83}},"54":{"start":{"line":112,"column":36},"end":{"line":112,"column":91}},"55":{"start":{"line":116,"column":38},"end":{"line":116,"column":41}},"56":{"start":{"line":117,"column":38},"end":{"line":117,"column":41}},"57":{"start":{"line":118,"column":42},"end":{"line":118,"column":127}},"58":{"start":{"line":120,"column":22},"end":{"line":120,"column":85}},"59":{"start":{"line":122,"column":8},"end":{"line":122,"column":null}},"60":{"start":{"line":124,"column":8},"end":{"line":124,"column":21}},"61":{"start":{"line":126,"column":8},"end":{"line":126,"column":80}},"62":{"start":{"line":127,"column":8},"end":{"line":127,"column":79}},"63":{"start":{"line":128,"column":8},"end":{"line":128,"column":18}},"64":{"start":{"line":109,"column":0},"end":{"line":109,"column":22}},"65":{"start":{"line":133,"column":19},"end":{"line":133,"column":182}},"66":{"start":{"line":134,"column":26},"end":{"line":134,"column":72}},"67":{"start":{"line":136,"column":4},"end":{"line":136,"column":null}},"68":{"start":{"line":138,"column":4},"end":{"line":138,"column":27}},"69":{"start":{"line":132,"column":0},"end":{"line":132,"column":16}}},"fnMap":{"0":{"name":"calculateRampUp","decl":{"start":{"line":18,"column":16},"end":{"line":18,"column":31}},"loc":{"start":{"line":18,"column":52},"end":{"line":40,"column":1}}},"1":{"name":"calculateBusFactor","decl":{"start":{"line":42,"column":16},"end":{"line":42,"column":34}},"loc":{"start":{"line":42,"column":90},"end":{"line":85,"column":1}}},"2":{"name":"(anonymous_9)","decl":{"start":{"line":64,"column":25},"end":{"line":64,"column":26}},"loc":{"start":{"line":64,"column":56},"end":{"line":67,"column":5}}},"3":{"name":"(anonymous_10)","decl":{"start":{"line":68,"column":25},"end":{"line":68,"column":26}},"loc":{"start":{"line":68,"column":56},"end":{"line":70,"column":5}}},"4":{"name":"calculateCorrectness","decl":{"start":{"line":87,"column":22},"end":{"line":87,"column":42}},"loc":{"start":{"line":87,"column":92},"end":{"line":107,"column":null}}},"5":{"name":"calculateResponsiveMaintainer","decl":{"start":{"line":109,"column":22},"end":{"line":109,"column":51}},"loc":{"start":{"line":109,"column":101},"end":{"line":130,"column":null}}},"6":{"name":"calculateNetScore","decl":{"start":{"line":132,"column":16},"end":{"line":132,"column":33}},"loc":{"start":{"line":132,"column":53},"end":{"line":139,"column":1}}}},"branchMap":{"0":{"loc":{"start":{"line":51,"column":4},"end":{"line":56,"column":null}},"type":"if","locations":[{"start":{"line":51,"column":4},"end":{"line":56,"column":null}},{"start":{"line":53,"column":11},"end":{"line":56,"column":null}}]},"1":{"loc":{"start":{"line":72,"column":4},"end":{"line":74,"column":null}},"type":"if","locations":[{"start":{"line":72,"column":4},"end":{"line":74,"column":null}}]}},"s":{"0":1,"1":1,"2":1,"3":5,"4":5,"5":5,"6":5,"7":5,"8":5,"9":5,"10":5,"11":5,"12":5,"13":1,"14":6,"15":6,"16":6,"17":6,"18":1,"19":5,"20":5,"21":6,"22":6,"23":6,"24":6,"25":32,"26":32,"27":6,"28":32,"29":6,"30":6,"31":1,"32":6,"33":6,"34":6,"35":6,"36":6,"37":1,"38":3,"39":3,"40":3,"41":3,"42":3,"43":3,"44":3,"45":3,"46":3,"47":3,"48":0,"49":0,"50":0,"51":1,"52":3,"53":3,"54":3,"55":3,"56":3,"57":3,"58":3,"59":3,"60":3,"61":0,"62":0,"63":0,"64":1,"65":1,"66":1,"67":1,"68":1,"69":1},"f":{"0":5,"1":6,"2":32,"3":32,"4":3,"5":3,"6":1},"b":{"0":[1,5],"1":[1]}}
,"/home/shay/a/mghera/461/461Group2/run_URL_FILE/metric_calcs_helpers.ts": {"path":"/home/shay/a/mghera/461/461Group2/run_URL_FILE/metric_calcs_helpers.ts","statementMap":{"0":{"start":{"line":1,"column":0},"end":{"line":1,"column":20}},"1":{"start":{"line":2,"column":0},"end":{"line":2,"column":24}},"2":{"start":{"line":4,"column":0},"end":{"line":4,"column":26}},"3":{"start":{"line":5,"column":0},"end":{"line":5,"column":45}},"4":{"start":{"line":8,"column":4},"end":{"line":24,"column":null}},"5":{"start":{"line":10,"column":27},"end":{"line":10,"column":59}},"6":{"start":{"line":12,"column":8},"end":{"line":20,"column":null}},"7":{"start":{"line":14,"column":34},"end":{"line":14,"column":70}},"8":{"start":{"line":16,"column":12},"end":{"line":16,"column":33}},"9":{"start":{"line":19,"column":12},"end":{"line":19,"column":22}},"10":{"start":{"line":23,"column":8},"end":{"line":23,"column":18}},"11":{"start":{"line":7,"column":0},"end":{"line":7,"column":22}},"12":{"start":{"line":28,"column":20},"end":{"line":30,"column":6}},"13":{"start":{"line":32,"column":4},"end":{"line":41,"column":null}},"14":{"start":{"line":33,"column":25},"end":{"line":33,"column":109}},"15":{"start":{"line":34,"column":22},"end":{"line":34,"column":57}},"16":{"start":{"line":35,"column":8},"end":{"line":35,"column":null}},"17":{"start":{"line":36,"column":8},"end":{"line":36,"column":21}},"18":{"start":{"line":38,"column":8},"end":{"line":38,"column":59}},"19":{"start":{"line":39,"column":8},"end":{"line":39,"column":60}},"20":{"start":{"line":40,"column":8},"end":{"line":40,"column":17}},"21":{"start":{"line":27,"column":0},"end":{"line":27,"column":22}},"22":{"start":{"line":45,"column":20},"end":{"line":47,"column":6}},"23":{"start":{"line":48,"column":4},"end":{"line":56,"column":null}},"24":{"start":{"line":49,"column":25},"end":{"line":49,"column":127}},"25":{"start":{"line":50,"column":32},"end":{"line":50,"column":57}},"26":{"start":{"line":51,"column":8},"end":{"line":51,"column":31}},"27":{"start":{"line":53,"column":8},"end":{"line":53,"column":67}},"28":{"start":{"line":54,"column":8},"end":{"line":54,"column":67}},"29":{"start":{"line":55,"column":8},"end":{"line":55,"column":17}},"30":{"start":{"line":44,"column":0},"end":{"line":44,"column":22}},"31":{"start":{"line":60,"column":20},"end":{"line":62,"column":6}},"32":{"start":{"line":63,"column":4},"end":{"line":98,"column":null}},"33":{"start":{"line":64,"column":25},"end":{"line":64,"column":117}},"34":{"start":{"line":66,"column":27},"end":{"line":66,"column":40}},"35":{"start":{"line":67,"column":8},"end":{"line":70,"column":null}},"36":{"start":{"line":69,"column":12},"end":{"line":69,"column":21}},"37":{"start":{"line":73,"column":8},"end":{"line":77,"column":11}},"38":{"start":{"line":74,"column":31},"end":{"line":74,"column":71}},"39":{"start":{"line":75,"column":31},"end":{"line":75,"column":71}},"40":{"start":{"line":76,"column":12},"end":{"line":76,"column":43}},"41":{"start":{"line":80,"column":32},"end":{"line":80,"column":33}},"42":{"start":{"line":81,"column":8},"end":{"line":86,"column":null}},"43":{"start":{"line":81,"column":21},"end":{"line":81,"column":22}},"44":{"start":{"line":82,"column":31},"end":{"line":82,"column":73}},"45":{"start":{"line":83,"column":35},"end":{"line":83,"column":81}},"46":{"start":{"line":84,"column":33},"end":{"line":84,"column":80}},"47":{"start":{"line":85,"column":12},"end":{"line":85,"column":46}},"48":{"start":{"line":88,"column":36},"end":{"line":88,"column":79}},"49":{"start":{"line":89,"column":26},"end":{"line":89,"column":107}},"50":{"start":{"line":91,"column":8},"end":{"line":91,"column":null}},"51":{"start":{"line":93,"column":8},"end":{"line":93,"column":25}},"52":{"start":{"line":95,"column":8},"end":{"line":95,"column":65}},"53":{"start":{"line":96,"column":8},"end":{"line":96,"column":66}},"54":{"start":{"line":97,"column":8},"end":{"line":97,"column":17}},"55":{"start":{"line":59,"column":0},"end":{"line":59,"column":22}},"56":{"start":{"line":102,"column":20},"end":{"line":104,"column":6}},"57":{"start":{"line":106,"column":4},"end":{"line":141,"column":null}},"58":{"start":{"line":107,"column":25},"end":{"line":107,"column":129}},"59":{"start":{"line":109,"column":26},"end":{"line":109,"column":39}},"60":{"start":{"line":110,"column":8},"end":{"line":112,"column":null}},"61":{"start":{"line":111,"column":12},"end":{"line":111,"column":21}},"62":{"start":{"line":115,"column":32},"end":{"line":115,"column":33}},"63":{"start":{"line":116,"column":33},"end":{"line":116,"column":34}},"64":{"start":{"line":117,"column":8},"end":{"line":125,"column":null}},"65":{"start":{"line":118,"column":12},"end":{"line":124,"column":null}},"66":{"start":{"line":119,"column":35},"end":{"line":119,"column":61}},"67":{"start":{"line":120,"column":36},"end":{"line":120,"column":61}},"68":{"start":{"line":121,"column":37},"end":{"line":121,"column":81}},"69":{"start":{"line":122,"column":16},"end":{"line":122,"column":50}},"70":{"start":{"line":123,"column":16},"end":{"line":123,"column":37}},"71":{"start":{"line":126,"column":8},"end":{"line":126,"column":53}},"72":{"start":{"line":127,"column":8},"end":{"line":129,"column":null}},"73":{"start":{"line":128,"column":12},"end":{"line":128,"column":21}},"74":{"start":{"line":131,"column":36},"end":{"line":131,"column":74}},"75":{"start":{"line":132,"column":26},"end":{"line":132,"column":107}},"76":{"start":{"line":134,"column":8},"end":{"line":134,"column":null}},"77":{"start":{"line":136,"column":8},"end":{"line":136,"column":25}},"78":{"start":{"line":138,"column":8},"end":{"line":138,"column":71}},"79":{"start":{"line":139,"column":8},"end":{"line":139,"column":70}},"80":{"start":{"line":140,"column":8},"end":{"line":140,"column":17}},"81":{"start":{"line":101,"column":0},"end":{"line":101,"column":22}},"82":{"start":{"line":145,"column":4},"end":{"line":164,"column":7}},"83":{"start":{"line":147,"column":33},"end":{"line":147,"column":46}},"84":{"start":{"line":148,"column":32},"end":{"line":148,"column":57}},"85":{"start":{"line":150,"column":8},"end":{"line":154,"column":11}},"86":{"start":{"line":151,"column":29},"end":{"line":151,"column":46}},"87":{"start":{"line":152,"column":34},"end":{"line":152,"column":59}},"88":{"start":{"line":153,"column":12},"end":{"line":153,"column":57}},"89":{"start":{"line":156,"column":8},"end":{"line":156,"column":52}},"90":{"start":{"line":157,"column":8},"end":{"line":157,"column":26}},"91":{"start":{"line":160,"column":8},"end":{"line":160,"column":51}},"92":{"start":{"line":161,"column":8},"end":{"line":161,"column":50}},"93":{"start":{"line":162,"column":8},"end":{"line":162,"column":46}},"94":{"start":{"line":163,"column":8},"end":{"line":163,"column":26}},"95":{"start":{"line":165,"column":4},"end":{"line":165,"column":22}},"96":{"start":{"line":144,"column":0},"end":{"line":144,"column":22}}},"fnMap":{"0":{"name":"readReadmeFile","decl":{"start":{"line":7,"column":22},"end":{"line":7,"column":36}},"loc":{"start":{"line":7,"column":53},"end":{"line":25,"column":null}}},"1":{"name":"getUserStars","decl":{"start":{"line":27,"column":22},"end":{"line":27,"column":34}},"loc":{"start":{"line":27,"column":84},"end":{"line":42,"column":null}}},"2":{"name":"getOpenIssuesCount","decl":{"start":{"line":44,"column":22},"end":{"line":44,"column":40}},"loc":{"start":{"line":44,"column":90},"end":{"line":57,"column":null}}},"3":{"name":"getCommitFrequency","decl":{"start":{"line":59,"column":22},"end":{"line":59,"column":40}},"loc":{"start":{"line":59,"column":90},"end":{"line":99,"column":null}}},"4":{"name":"(anonymous_16)","decl":{"start":{"line":73,"column":24},"end":{"line":73,"column":25}},"loc":{"start":{"line":73,"column":43},"end":{"line":77,"column":9}}},"5":{"name":"getIssueResolutionTime","decl":{"start":{"line":101,"column":22},"end":{"line":101,"column":44}},"loc":{"start":{"line":101,"column":94},"end":{"line":142,"column":null}}},"6":{"name":"getContributors","decl":{"start":{"line":144,"column":22},"end":{"line":144,"column":37}},"loc":{"start":{"line":144,"column":107},"end":{"line":166,"column":null}}},"7":{"name":"(anonymous_21)","decl":{"start":{"line":146,"column":10},"end":{"line":146,"column":11}},"loc":{"start":{"line":146,"column":23},"end":{"line":158,"column":5}}},"8":{"name":"(anonymous_22)","decl":{"start":{"line":150,"column":33},"end":{"line":150,"column":34}},"loc":{"start":{"line":150,"column":54},"end":{"line":154,"column":9}}},"9":{"name":"(anonymous_23)","decl":{"start":{"line":159,"column":11},"end":{"line":159,"column":12}},"loc":{"start":{"line":159,"column":19},"end":{"line":164,"column":5}}}},"branchMap":{"0":{"loc":{"start":{"line":12,"column":8},"end":{"line":20,"column":null}},"type":"if","locations":[{"start":{"line":12,"column":8},"end":{"line":20,"column":null}},{"start":{"line":17,"column":15},"end":{"line":20,"column":null}}]},"1":{"loc":{"start":{"line":34,"column":22},"end":{"line":34,"column":57}},"type":"binary-expr","locations":[{"start":{"line":34,"column":22},"end":{"line":34,"column":52}},{"start":{"line":34,"column":56},"end":{"line":34,"column":57}}]},"2":{"loc":{"start":{"line":50,"column":32},"end":{"line":50,"column":57}},"type":"binary-expr","locations":[{"start":{"line":50,"column":32},"end":{"line":50,"column":52}},{"start":{"line":50,"column":56},"end":{"line":50,"column":57}}]},"3":{"loc":{"start":{"line":67,"column":8},"end":{"line":70,"column":null}},"type":"if","locations":[{"start":{"line":67,"column":8},"end":{"line":70,"column":null}}]},"4":{"loc":{"start":{"line":110,"column":8},"end":{"line":112,"column":null}},"type":"if","locations":[{"start":{"line":110,"column":8},"end":{"line":112,"column":null}}]},"5":{"loc":{"start":{"line":118,"column":12},"end":{"line":124,"column":null}},"type":"if","locations":[{"start":{"line":118,"column":12},"end":{"line":124,"column":null}}]},"6":{"loc":{"start":{"line":118,"column":16},"end":{"line":118,"column":79}},"type":"binary-expr","locations":[{"start":{"line":118,"column":16},"end":{"line":118,"column":40}},{"start":{"line":118,"column":44},"end":{"line":118,"column":60}},{"start":{"line":118,"column":64},"end":{"line":118,"column":79}}]},"7":{"loc":{"start":{"line":127,"column":8},"end":{"line":129,"column":null}},"type":"if","locations":[{"start":{"line":127,"column":8},"end":{"line":129,"column":null}}]}},"s":{"0":1,"1":1,"2":1,"3":1,"4":0,"5":0,"6":0,"7":0,"8":0,"9":0,"10":0,"11":1,"12":3,"13":3,"14":3,"15":3,"16":1,"17":1,"18":2,"19":2,"20":2,"21":1,"22":3,"23":3,"24":3,"25":3,"26":1,"27":2,"28":2,"29":2,"30":1,"31":3,"32":3,"33":3,"34":3,"35":1,"36":0,"37":1,"38":0,"39":0,"40":0,"41":0,"42":0,"43":0,"44":0,"45":0,"46":0,"47":0,"48":0,"49":0,"50":0,"51":0,"52":3,"53":3,"54":3,"55":1,"56":3,"57":3,"58":3,"59":3,"60":1,"61":0,"62":1,"63":1,"64":1,"65":20,"66":0,"67":0,"68":0,"69":0,"70":0,"71":1,"72":1,"73":1,"74":0,"75":0,"76":0,"77":0,"78":2,"79":2,"80":2,"81":1,"82":3,"83":2,"84":2,"85":2,"86":2,"87":2,"88":2,"89":1,"90":1,"91":2,"92":2,"93":2,"94":2,"95":3,"96":1},"f":{"0":0,"1":3,"2":3,"3":3,"4":0,"5":3,"6":3,"7":2,"8":2,"9":2},"b":{"0":[0,0],"1":[3,1],"2":[3,0],"3":[0],"4":[0],"5":[0],"6":[20,0,0],"7":[1]}}
}
