{"/home/shay/a/mghera/461/461Group2/run_URL_FILE/fetch_url.ts": {"path":"/home/shay/a/mghera/461/461Group2/run_URL_FILE/fetch_url.ts","statementMap":{"0":{"start":{"line":7,"column":0},"end":{"line":7,"column":28}},"1":{"start":{"line":8,"column":0},"end":{"line":8,"column":26}},"2":{"start":{"line":10,"column":0},"end":{"line":10,"column":37}},"3":{"start":{"line":13,"column":0},"end":{"line":13,"column":28}},"4":{"start":{"line":14,"column":0},"end":{"line":14,"column":20}},"5":{"start":{"line":16,"column":0},"end":{"line":16,"column":23}},"6":{"start":{"line":18,"column":13},"end":{"line":18,"column":48}},"7":{"start":{"line":21,"column":24},"end":{"line":21,"column":43}},"8":{"start":{"line":22,"column":12},"end":{"line":22,"column":26}},"9":{"start":{"line":23,"column":0},"end":{"line":23,"column":33}},"10":{"start":{"line":24,"column":0},"end":{"line":24,"column":37}},"11":{"start":{"line":25,"column":0},"end":{"line":25,"column":36}},"12":{"start":{"line":26,"column":18},"end":{"line":26,"column":33}},"13":{"start":{"line":28,"column":31},"end":{"line":28,"column":33}},"14":{"start":{"line":30,"column":0},"end":{"line":30,"column":null}},"15":{"start":{"line":38,"column":0},"end":{"line":38,"column":null}},"16":{"start":{"line":42,"column":0},"end":{"line":42,"column":16}},"17":{"start":{"line":47,"column":19},"end":{"line":47,"column":20}},"18":{"start":{"line":50,"column":13},"end":{"line":50,"column":34}},"19":{"start":{"line":53,"column":4},"end":{"line":53,"column":21}},"20":{"start":{"line":54,"column":4},"end":{"line":54,"column":49}},"21":{"start":{"line":55,"column":4},"end":{"line":55,"column":30}},"22":{"start":{"line":56,"column":4},"end":{"line":56,"column":24}},"23":{"start":{"line":57,"column":4},"end":{"line":57,"column":32}},"24":{"start":{"line":58,"column":4},"end":{"line":58,"column":27}},"25":{"start":{"line":59,"column":4},"end":{"line":59,"column":29}},"26":{"start":{"line":60,"column":4},"end":{"line":60,"column":38}},"27":{"start":{"line":61,"column":4},"end":{"line":61,"column":26}},"28":{"start":{"line":64,"column":8},"end":{"line":64,"column":41}},"29":{"start":{"line":68,"column":8},"end":{"line":68,"column":41}},"30":{"start":{"line":72,"column":8},"end":{"line":72,"column":29}},"31":{"start":{"line":76,"column":8},"end":{"line":76,"column":37}},"32":{"start":{"line":80,"column":8},"end":{"line":80,"column":35}},"33":{"start":{"line":84,"column":8},"end":{"line":84,"column":null}},"34":{"start":{"line":88,"column":8},"end":{"line":88,"column":39}},"35":{"start":{"line":92,"column":8},"end":{"line":92,"column":57}},"36":{"start":{"line":96,"column":8},"end":{"line":96,"column":33}},"37":{"start":{"line":100,"column":23},"end":{"line":108,"column":null}},"38":{"start":{"line":109,"column":8},"end":{"line":109,"column":60}},"39":{"start":{"line":110,"column":8},"end":{"line":110,"column":38}},"40":{"start":{"line":111,"column":8},"end":{"line":113,"column":11}},"41":{"start":{"line":112,"column":12},"end":{"line":112,"column":63}},"42":{"start":{"line":115,"column":26},"end":{"line":115,"column":44}},"43":{"start":{"line":116,"column":8},"end":{"line":116,"column":32}},"44":{"start":{"line":117,"column":8},"end":{"line":117,"column":24}},"45":{"start":{"line":119,"column":8},"end":{"line":121,"column":11}},"46":{"start":{"line":120,"column":10},"end":{"line":120,"column":37}},"47":{"start":{"line":123,"column":8},"end":{"line":123,"column":41}},"48":{"start":{"line":124,"column":8},"end":{"line":124,"column":52}},"49":{"start":{"line":125,"column":8},"end":{"line":125,"column":54}},"50":{"start":{"line":126,"column":8},"end":{"line":126,"column":63}},"51":{"start":{"line":127,"column":8},"end":{"line":127,"column":60}},"52":{"start":{"line":128,"column":8},"end":{"line":128,"column":82}},"53":{"start":{"line":129,"column":8},"end":{"line":129,"column":66}},"54":{"start":{"line":131,"column":8},"end":{"line":131,"column":null}},"55":{"start":{"line":52,"column":0},"end":{"line":52,"column":13}},"56":{"start":{"line":141,"column":8},"end":{"line":141,"column":23}},"57":{"start":{"line":142,"column":8},"end":{"line":142,"column":39}},"58":{"start":{"line":143,"column":8},"end":{"line":143,"column":41}},"59":{"start":{"line":147,"column":8},"end":{"line":149,"column":null}},"60":{"start":{"line":148,"column":12},"end":{"line":148,"column":37}},"61":{"start":{"line":150,"column":8},"end":{"line":150,"column":18}},"62":{"start":{"line":154,"column":8},"end":{"line":154,"column":32}},"63":{"start":{"line":135,"column":2},"end":{"line":135,"column":15}},"64":{"start":{"line":159,"column":25},"end":{"line":159,"column":49}},"65":{"start":{"line":160,"column":4},"end":{"line":167,"column":null}},"66":{"start":{"line":161,"column":22},"end":{"line":161,"column":85}},"67":{"start":{"line":162,"column":8},"end":{"line":162,"column":28}},"68":{"start":{"line":163,"column":8},"end":{"line":163,"column":20}},"69":{"start":{"line":165,"column":8},"end":{"line":165,"column":44}},"70":{"start":{"line":166,"column":8},"end":{"line":166,"column":28}},"71":{"start":{"line":173,"column":20},"end":{"line":175,"column":6}},"72":{"start":{"line":177,"column":4},"end":{"line":194,"column":7}},"73":{"start":{"line":179,"column":33},"end":{"line":179,"column":46}},"74":{"start":{"line":180,"column":32},"end":{"line":180,"column":57}},"75":{"start":{"line":182,"column":8},"end":{"line":186,"column":11}},"76":{"start":{"line":183,"column":29},"end":{"line":183,"column":46}},"77":{"start":{"line":184,"column":34},"end":{"line":184,"column":59}},"78":{"start":{"line":185,"column":12},"end":{"line":185,"column":57}},"79":{"start":{"line":188,"column":8},"end":{"line":188,"column":52}},"80":{"start":{"line":191,"column":8},"end":{"line":191,"column":51}},"81":{"start":{"line":192,"column":8},"end":{"line":192,"column":50}},"82":{"start":{"line":193,"column":8},"end":{"line":193,"column":46}},"83":{"start":{"line":196,"column":4},"end":{"line":205,"column":11}},"84":{"start":{"line":198,"column":12},"end":{"line":200,"column":null}},"85":{"start":{"line":199,"column":16},"end":{"line":199,"column":47}},"86":{"start":{"line":203,"column":12},"end":{"line":203,"column":65}},"87":{"start":{"line":204,"column":12},"end":{"line":204,"column":44}},"88":{"start":{"line":207,"column":4},"end":{"line":212,"column":null}},"89":{"start":{"line":208,"column":8},"end":{"line":208,"column":74}},"90":{"start":{"line":210,"column":8},"end":{"line":210,"column":84}},"91":{"start":{"line":211,"column":8},"end":{"line":211,"column":83}},"92":{"start":{"line":214,"column":4},"end":{"line":216,"column":7}},"93":{"start":{"line":215,"column":8},"end":{"line":215,"column":47}},"94":{"start":{"line":218,"column":33},"end":{"line":218,"column":95}},"95":{"start":{"line":219,"column":4},"end":{"line":219,"column":61}},"96":{"start":{"line":221,"column":4},"end":{"line":221,"column":22}},"97":{"start":{"line":225,"column":4},"end":{"line":230,"column":7}},"98":{"start":{"line":226,"column":8},"end":{"line":229,"column":32}},"99":{"start":{"line":234,"column":4},"end":{"line":234,"column":31}},"100":{"start":{"line":236,"column":4},"end":{"line":272,"column":null}},"101":{"start":{"line":238,"column":25},"end":{"line":238,"column":53}},"102":{"start":{"line":239,"column":8},"end":{"line":241,"column":null}},"103":{"start":{"line":240,"column":12},"end":{"line":240,"column":35}},"104":{"start":{"line":244,"column":27},"end":{"line":244,"column":61}},"105":{"start":{"line":247,"column":28},"end":{"line":247,"column":63}},"106":{"start":{"line":248,"column":25},"end":{"line":248,"column":80}},"107":{"start":{"line":249,"column":8},"end":{"line":249,"column":62}},"108":{"start":{"line":251,"column":8},"end":{"line":254,"column":11}},"109":{"start":{"line":252,"column":12},"end":{"line":252,"column":45}},"110":{"start":{"line":253,"column":12},"end":{"line":253,"column":46}},"111":{"start":{"line":257,"column":8},"end":{"line":257,"column":52}},"112":{"start":{"line":261,"column":8},"end":{"line":263,"column":11}},"113":{"start":{"line":262,"column":12},"end":{"line":262,"column":64}},"114":{"start":{"line":266,"column":8},"end":{"line":266,"column":35}},"115":{"start":{"line":268,"column":8},"end":{"line":268,"column":39}},"116":{"start":{"line":274,"column":4},"end":{"line":274,"column":98}},"117":{"start":{"line":275,"column":4},"end":{"line":275,"column":67}},"118":{"start":{"line":276,"column":4},"end":{"line":276,"column":58}},"119":{"start":{"line":278,"column":4},"end":{"line":278,"column":22}},"120":{"start":{"line":282,"column":4},"end":{"line":289,"column":null}},"121":{"start":{"line":282,"column":21},"end":{"line":282,"column":25}},"122":{"start":{"line":283,"column":25},"end":{"line":283,"column":36}},"123":{"start":{"line":284,"column":8},"end":{"line":287,"column":null}},"124":{"start":{"line":286,"column":16},"end":{"line":286,"column":51}},"125":{"start":{"line":288,"column":8},"end":{"line":288,"column":37}},"126":{"start":{"line":291,"column":14},"end":{"line":291,"column":15}},"127":{"start":{"line":292,"column":4},"end":{"line":301,"column":27}},"128":{"start":{"line":293,"column":22},"end":{"line":293,"column":86}},"129":{"start":{"line":294,"column":25},"end":{"line":294,"column":43}},"130":{"start":{"line":295,"column":8},"end":{"line":300,"column":11}},"131":{"start":{"line":296,"column":10},"end":{"line":299,"column":14}},"132":{"start":{"line":298,"column":12},"end":{"line":298,"column":30}},"133":{"start":{"line":306,"column":4},"end":{"line":351,"column":null}},"134":{"start":{"line":307,"column":19},"end":{"line":307,"column":64}},"135":{"start":{"line":309,"column":20},"end":{"line":309,"column":36}},"136":{"start":{"line":311,"column":26},"end":{"line":311,"column":28}},"137":{"start":{"line":313,"column":6},"end":{"line":345,"column":null}},"138":{"start":{"line":314,"column":8},"end":{"line":314,"column":27}},"139":{"start":{"line":316,"column":8},"end":{"line":344,"column":null}},"140":{"start":{"line":317,"column":28},"end":{"line":317,"column":30}},"141":{"start":{"line":318,"column":44},"end":{"line":318,"column":46}},"142":{"start":{"line":320,"column":10},"end":{"line":336,"column":null}},"143":{"start":{"line":321,"column":26},"end":{"line":321,"column":41}},"144":{"start":{"line":322,"column":12},"end":{"line":322,"column":50}},"145":{"start":{"line":323,"column":12},"end":{"line":323,"column":32}},"146":{"start":{"line":326,"column":34},"end":{"line":326,"column":69}},"147":{"start":{"line":327,"column":12},"end":{"line":330,"column":null}},"148":{"start":{"line":328,"column":14},"end":{"line":328,"column":49}},"149":{"start":{"line":329,"column":14},"end":{"line":329,"column":47}},"150":{"start":{"line":332,"column":15},"end":{"line":336,"column":null}},"151":{"start":{"line":333,"column":26},"end":{"line":333,"column":41}},"152":{"start":{"line":334,"column":12},"end":{"line":334,"column":50}},"153":{"start":{"line":335,"column":12},"end":{"line":335,"column":51}},"154":{"start":{"line":338,"column":25},"end":{"line":338,"column":65}},"155":{"start":{"line":339,"column":10},"end":{"line":339,"column":28}},"156":{"start":{"line":343,"column":10},"end":{"line":343,"column":53}},"157":{"start":{"line":346,"column":6},"end":{"line":346,"column":18}},"158":{"start":{"line":349,"column":6},"end":{"line":349,"column":49}},"159":{"start":{"line":350,"column":6},"end":{"line":350,"column":16}},"160":{"start":{"line":355,"column":2},"end":{"line":374,"column":null}},"161":{"start":{"line":357,"column":24},"end":{"line":357,"column":47}},"162":{"start":{"line":358,"column":16},"end":{"line":358,"column":76}},"163":{"start":{"line":361,"column":26},"end":{"line":361,"column":72}},"164":{"start":{"line":363,"column":4},"end":{"line":369,"column":null}},"165":{"start":{"line":365,"column":20},"end":{"line":365,"column":44}},"166":{"start":{"line":366,"column":19},"end":{"line":366,"column":62}},"167":{"start":{"line":367,"column":20},"end":{"line":367,"column":43}},"168":{"start":{"line":368,"column":6},"end":{"line":368,"column":29}},"169":{"start":{"line":372,"column":4},"end":{"line":372,"column":60}},"170":{"start":{"line":373,"column":4},"end":{"line":373,"column":16}},"171":{"start":{"line":378,"column":4},"end":{"line":380,"column":null}},"172":{"start":{"line":379,"column":8},"end":{"line":379,"column":34}},"173":{"start":{"line":385,"column":21},"end":{"line":385,"column":40}},"174":{"start":{"line":391,"column":15},"end":{"line":391,"column":30}},"175":{"start":{"line":392,"column":22},"end":{"line":392,"column":24}},"176":{"start":{"line":394,"column":0},"end":{"line":399,"column":3}},"177":{"start":{"line":395,"column":4},"end":{"line":395,"column":null}},"178":{"start":{"line":396,"column":4},"end":{"line":398,"column":7}},"179":{"start":{"line":397,"column":8},"end":{"line":397,"column":37}},"180":{"start":{"line":401,"column":0},"end":{"line":410,"column":2}}},"fnMap":{"0":{"name":"(anonymous_21)","decl":{"start":{"line":52,"column":0},"end":{"line":52,"column":13}},"loc":{"start":{"line":52,"column":0},"end":{"line":133,"column":3}}},"1":{"name":"(anonymous_22)","decl":{"start":{"line":63,"column":4},"end":{"line":63,"column":19}},"loc":{"start":{"line":63,"column":53},"end":{"line":65,"column":5}}},"2":{"name":"(anonymous_23)","decl":{"start":{"line":67,"column":4},"end":{"line":67,"column":19}},"loc":{"start":{"line":67,"column":40},"end":{"line":69,"column":5}}},"3":{"name":"(anonymous_24)","decl":{"start":{"line":71,"column":4},"end":{"line":71,"column":13}},"loc":{"start":{"line":71,"column":28},"end":{"line":73,"column":5}}},"4":{"name":"(anonymous_25)","decl":{"start":{"line":75,"column":4},"end":{"line":75,"column":17}},"loc":{"start":{"line":75,"column":37},"end":{"line":77,"column":5}}},"5":{"name":"(anonymous_26)","decl":{"start":{"line":79,"column":4},"end":{"line":79,"column":16}},"loc":{"start":{"line":79,"column":34},"end":{"line":81,"column":5}}},"6":{"name":"(anonymous_27)","decl":{"start":{"line":83,"column":4},"end":{"line":83,"column":10}},"loc":{"start":{"line":83,"column":22},"end":{"line":85,"column":5}}},"7":{"name":"(anonymous_28)","decl":{"start":{"line":87,"column":4},"end":{"line":87,"column":18}},"loc":{"start":{"line":87,"column":38},"end":{"line":89,"column":5}}},"8":{"name":"(anonymous_29)","decl":{"start":{"line":91,"column":4},"end":{"line":91,"column":27}},"loc":{"start":{"line":91,"column":56},"end":{"line":93,"column":5}}},"9":{"name":"(anonymous_30)","decl":{"start":{"line":95,"column":4},"end":{"line":95,"column":15}},"loc":{"start":{"line":95,"column":32},"end":{"line":97,"column":5}}},"10":{"name":"(anonymous_31)","decl":{"start":{"line":99,"column":4},"end":{"line":99,"column":16}},"loc":{"start":{"line":99,"column":16},"end":{"line":132,"column":5}}},"11":{"name":"(anonymous_32)","decl":{"start":{"line":111,"column":34},"end":{"line":111,"column":35}},"loc":{"start":{"line":111,"column":65},"end":{"line":113,"column":9}}},"12":{"name":"(anonymous_33)","decl":{"start":{"line":119,"column":29},"end":{"line":119,"column":30}},"loc":{"start":{"line":119,"column":46},"end":{"line":121,"column":9}}},"13":{"name":"(anonymous_34)","decl":{"start":{"line":140,"column":4},"end":{"line":140,"column":16}},"loc":{"start":{"line":140,"column":78},"end":{"line":144,"column":5}}},"14":{"name":"(anonymous_35)","decl":{"start":{"line":146,"column":4},"end":{"line":146,"column":19}},"loc":{"start":{"line":146,"column":19},"end":{"line":151,"column":5}}},"15":{"name":"(anonymous_36)","decl":{"start":{"line":153,"column":4},"end":{"line":153,"column":18}},"loc":{"start":{"line":153,"column":18},"end":{"line":155,"column":5}}},"16":{"name":"retrieveGithubKey","decl":{"start":{"line":158,"column":9},"end":{"line":158,"column":26}},"loc":{"start":{"line":158,"column":26},"end":{"line":168,"column":1}}},"17":{"name":"getPackageObject","decl":{"start":{"line":172,"column":15},"end":{"line":172,"column":31}},"loc":{"start":{"line":172,"column":102},"end":{"line":222,"column":null}}},"18":{"name":"(anonymous_40)","decl":{"start":{"line":178,"column":10},"end":{"line":178,"column":11}},"loc":{"start":{"line":178,"column":23},"end":{"line":189,"column":5}}},"19":{"name":"(anonymous_41)","decl":{"start":{"line":182,"column":33},"end":{"line":182,"column":34}},"loc":{"start":{"line":182,"column":54},"end":{"line":186,"column":9}}},"20":{"name":"(anonymous_42)","decl":{"start":{"line":190,"column":11},"end":{"line":190,"column":12}},"loc":{"start":{"line":190,"column":19},"end":{"line":194,"column":5}}},"21":{"name":"(anonymous_43)","decl":{"start":{"line":197,"column":14},"end":{"line":197,"column":15}},"loc":{"start":{"line":197,"column":27},"end":{"line":201,"column":9}}},"22":{"name":"(anonymous_44)","decl":{"start":{"line":202,"column":16},"end":{"line":202,"column":17}},"loc":{"start":{"line":202,"column":24},"end":{"line":205,"column":9}}},"23":{"name":"(anonymous_45)","decl":{"start":{"line":214,"column":63},"end":{"line":214,"column":64}},"loc":{"start":{"line":214,"column":79},"end":{"line":216,"column":5}}},"24":{"name":"extractTarball","decl":{"start":{"line":224,"column":15},"end":{"line":224,"column":29}},"loc":{"start":{"line":224,"column":68},"end":{"line":231,"column":null}}},"25":{"name":"(anonymous_48)","decl":{"start":{"line":225,"column":29},"end":{"line":225,"column":30}},"loc":{"start":{"line":225,"column":49},"end":{"line":230,"column":5}}},"26":{"name":"cloneRepository","decl":{"start":{"line":233,"column":15},"end":{"line":233,"column":30}},"loc":{"start":{"line":233,"column":67},"end":{"line":279,"column":null}}},"27":{"name":"(anonymous_51)","decl":{"start":{"line":251,"column":26},"end":{"line":251,"column":27}},"loc":{"start":{"line":251,"column":46},"end":{"line":254,"column":9}}},"28":{"name":"(anonymous_52)","decl":{"start":{"line":261,"column":45},"end":{"line":261,"column":46}},"loc":{"start":{"line":261,"column":58},"end":{"line":263,"column":9}}},"29":{"name":"calculateAllMetrics","decl":{"start":{"line":281,"column":15},"end":{"line":281,"column":34}},"loc":{"start":{"line":281,"column":49},"end":{"line":302,"column":null}}},"30":{"name":"(anonymous_55)","decl":{"start":{"line":285,"column":18},"end":{"line":285,"column":19}},"loc":{"start":{"line":285,"column":44},"end":{"line":287,"column":13}}},"31":{"name":"(anonymous_56)","decl":{"start":{"line":292,"column":40},"end":{"line":292,"column":41}},"loc":{"start":{"line":292,"column":52},"end":{"line":301,"column":7}}},"32":{"name":"(anonymous_57)","decl":{"start":{"line":295,"column":27},"end":{"line":295,"column":34}},"loc":{"start":{"line":295,"column":37},"end":{"line":300,"column":9}}},"33":{"name":"(anonymous_58)","decl":{"start":{"line":297,"column":16},"end":{"line":297,"column":17}},"loc":{"start":{"line":297,"column":29},"end":{"line":299,"column":12}}},"34":{"name":"fetchUrlsFromFile","decl":{"start":{"line":305,"column":15},"end":{"line":305,"column":32}},"loc":{"start":{"line":305,"column":49},"end":{"line":352,"column":null}}},"35":{"name":"getGithubDetailsFromNpm","decl":{"start":{"line":354,"column":15},"end":{"line":354,"column":38}},"loc":{"start":{"line":354,"column":53},"end":{"line":375,"column":null}}},"36":{"name":"printAllMetrics","decl":{"start":{"line":377,"column":9},"end":{"line":377,"column":24}},"loc":{"start":{"line":377,"column":44},"end":{"line":381,"column":1}}},"37":{"name":"(anonymous_64)","decl":{"start":{"line":394,"column":33},"end":{"line":394,"column":34}},"loc":{"start":{"line":394,"column":42},"end":{"line":399,"column":1}}},"38":{"name":"(anonymous_65)","decl":{"start":{"line":396,"column":39},"end":{"line":396,"column":42}},"loc":{"start":{"line":396,"column":44},"end":{"line":398,"column":5}}}},"branchMap":{"0":{"loc":{"start":{"line":147,"column":8},"end":{"line":149,"column":null}},"type":"if","locations":[{"start":{"line":147,"column":8},"end":{"line":149,"column":null}}]},"1":{"loc":{"start":{"line":160,"column":4},"end":{"line":167,"column":null}},"type":"if","locations":[{"start":{"line":160,"column":4},"end":{"line":167,"column":null}},{"start":{"line":164,"column":11},"end":{"line":167,"column":null}}]},"2":{"loc":{"start":{"line":198,"column":12},"end":{"line":200,"column":null}},"type":"if","locations":[{"start":{"line":198,"column":12},"end":{"line":200,"column":null}}]},"3":{"loc":{"start":{"line":207,"column":4},"end":{"line":212,"column":null}},"type":"if","locations":[{"start":{"line":207,"column":4},"end":{"line":212,"column":null}},{"start":{"line":209,"column":11},"end":{"line":212,"column":null}}]},"4":{"loc":{"start":{"line":239,"column":8},"end":{"line":241,"column":null}},"type":"if","locations":[{"start":{"line":239,"column":8},"end":{"line":241,"column":null}}]},"5":{"loc":{"start":{"line":316,"column":8},"end":{"line":344,"column":null}},"type":"if","locations":[{"start":{"line":316,"column":8},"end":{"line":344,"column":null}},{"start":{"line":341,"column":13},"end":{"line":344,"column":null}}]},"6":{"loc":{"start":{"line":316,"column":12},"end":{"line":316,"column":98}},"type":"binary-expr","locations":[{"start":{"line":316,"column":12},"end":{"line":316,"column":35}},{"start":{"line":316,"column":40},"end":{"line":316,"column":66}},{"start":{"line":316,"column":70},"end":{"line":316,"column":97}}]},"7":{"loc":{"start":{"line":320,"column":10},"end":{"line":336,"column":null}},"type":"if","locations":[{"start":{"line":320,"column":10},"end":{"line":336,"column":null}},{"start":{"line":332,"column":15},"end":{"line":336,"column":null}}]},"8":{"loc":{"start":{"line":327,"column":12},"end":{"line":330,"column":null}},"type":"if","locations":[{"start":{"line":327,"column":12},"end":{"line":330,"column":null}}]},"9":{"loc":{"start":{"line":332,"column":15},"end":{"line":336,"column":null}},"type":"if","locations":[{"start":{"line":332,"column":15},"end":{"line":336,"column":null}}]},"10":{"loc":{"start":{"line":361,"column":26},"end":{"line":361,"column":72}},"type":"binary-expr","locations":[{"start":{"line":361,"column":26},"end":{"line":361,"column":45}},{"start":{"line":361,"column":49},"end":{"line":361,"column":72}}]},"11":{"loc":{"start":{"line":363,"column":4},"end":{"line":369,"column":null}},"type":"if","locations":[{"start":{"line":363,"column":4},"end":{"line":369,"column":null}}]},"12":{"loc":{"start":{"line":363,"column":8},"end":{"line":363,"column":61}},"type":"binary-expr","locations":[{"start":{"line":363,"column":8},"end":{"line":363,"column":21}},{"start":{"line":363,"column":25},"end":{"line":363,"column":61}}]}},"s":{"0":1,"1":1,"2":1,"3":1,"4":1,"5":1,"6":1,"7":1,"8":1,"9":1,"10":1,"11":1,"12":1,"13":1,"14":1,"15":1,"16":1,"17":1,"18":1,"19":3,"20":3,"21":3,"22":3,"23":3,"24":3,"25":3,"26":3,"27":3,"28":3,"29":0,"30":1,"31":1,"32":1,"33":1,"34":3,"35":3,"36":1,"37":1,"38":1,"39":1,"40":1,"41":0,"42":1,"43":1,"44":1,"45":1,"46":1,"47":1,"48":1,"49":1,"50":1,"51":1,"52":1,"53":1,"54":1,"55":1,"56":1,"57":1,"58":1,"59":2,"60":0,"61":2,"62":0,"63":1,"64":4,"65":4,"66":1,"67":1,"68":1,"69":3,"70":3,"71":3,"72":3,"73":2,"74":2,"75":2,"76":2,"77":2,"78":2,"79":1,"80":2,"81":2,"82":2,"83":3,"84":2,"85":0,"86":1,"87":1,"88":3,"89":3,"90":0,"91":0,"92":3,"93":3,"94":3,"95":3,"96":3,"97":0,"98":0,"99":1,"100":1,"101":1,"102":1,"103":1,"104":1,"105":1,"106":1,"107":1,"108":0,"109":0,"110":0,"111":0,"112":0,"113":0,"114":0,"115":0,"116":1,"117":1,"118":1,"119":1,"120":2,"121":1,"122":1,"123":1,"124":1,"125":1,"126":2,"127":2,"128":1,"129":1,"130":1,"131":1,"132":1,"133":1,"134":1,"135":0,"136":0,"137":0,"138":0,"139":0,"140":0,"141":0,"142":0,"143":0,"144":0,"145":0,"146":0,"147":0,"148":0,"149":0,"150":0,"151":0,"152":0,"153":0,"154":0,"155":0,"156":0,"157":0,"158":1,"159":1,"160":3,"161":3,"162":3,"163":2,"164":2,"165":0,"166":0,"167":0,"168":0,"169":1,"170":1,"171":1,"172":1,"173":1,"174":1,"175":1,"176":1,"177":1,"178":1,"179":1,"180":1},"f":{"0":3,"1":3,"2":0,"3":1,"4":1,"5":1,"6":1,"7":3,"8":3,"9":1,"10":1,"11":0,"12":1,"13":1,"14":2,"15":0,"16":4,"17":3,"18":2,"19":2,"20":2,"21":2,"22":1,"23":3,"24":0,"25":0,"26":1,"27":0,"28":0,"29":2,"30":1,"31":1,"32":1,"33":1,"34":1,"35":3,"36":1,"37":1,"38":1},"b":{"0":[0],"1":[1,3],"2":[0],"3":[3,0],"4":[1],"5":[0,0],"6":[0,0,0],"7":[0,0],"8":[0],"9":[0],"10":[2,1],"11":[0],"12":[2,1]}}
,"/home/shay/a/mghera/461/461Group2/run_URL_FILE/logger.ts": {"path":"/home/shay/a/mghera/461/461Group2/run_URL_FILE/logger.ts","statementMap":{"0":{"start":{"line":1,"column":0},"end":{"line":1,"column":43}},"1":{"start":{"line":3,"column":44},"end":{"line":7,"column":null}},"2":{"start":{"line":9,"column":19},"end":{"line":13,"column":null}},"3":{"start":{"line":16,"column":21},"end":{"line":16,"column":50}},"4":{"start":{"line":17,"column":4},"end":{"line":28,"column":null}},"5":{"start":{"line":19,"column":8},"end":{"line":19,"column":28}},"6":{"start":{"line":21,"column":9},"end":{"line":28,"column":null}},"7":{"start":{"line":23,"column":8},"end":{"line":23,"column":28}},"8":{"start":{"line":25,"column":9},"end":{"line":28,"column":null}},"9":{"start":{"line":27,"column":8},"end":{"line":27,"column":28}},"10":{"start":{"line":30,"column":4},"end":{"line":30,"column":31}},"11":{"start":{"line":34,"column":20},"end":{"line":34,"column":40}},"12":{"start":{"line":35,"column":4},"end":{"line":39,"column":null}},"13":{"start":{"line":36,"column":22},"end":{"line":36,"column":93}},"14":{"start":{"line":37,"column":8},"end":{"line":37,"column":41}},"15":{"start":{"line":38,"column":8},"end":{"line":38,"column":20}},"16":{"start":{"line":41,"column":4},"end":{"line":41,"column":19}},"17":{"start":{"line":45,"column":21},"end":{"line":45,"column":34}},"18":{"start":{"line":46,"column":20},"end":{"line":46,"column":32}},"19":{"start":{"line":48,"column":19},"end":{"line":55,"column":8}},"20":{"start":{"line":57,"column":4},"end":{"line":57,"column":18}},"21":{"start":{"line":44,"column":0},"end":{"line":44,"column":16}}},"fnMap":{"0":{"name":"getLogLevel","decl":{"start":{"line":15,"column":9},"end":{"line":15,"column":20}},"loc":{"start":{"line":15,"column":20},"end":{"line":31,"column":1}}},"1":{"name":"getLogPath","decl":{"start":{"line":33,"column":9},"end":{"line":33,"column":19}},"loc":{"start":{"line":33,"column":19},"end":{"line":42,"column":1}}},"2":{"name":"getLogger","decl":{"start":{"line":44,"column":16},"end":{"line":44,"column":25}},"loc":{"start":{"line":44,"column":25},"end":{"line":58,"column":1}}}},"branchMap":{"0":{"loc":{"start":{"line":17,"column":4},"end":{"line":28,"column":null}},"type":"if","locations":[{"start":{"line":17,"column":4},"end":{"line":28,"column":null}},{"start":{"line":21,"column":9},"end":{"line":28,"column":null}}]},"1":{"loc":{"start":{"line":21,"column":9},"end":{"line":28,"column":null}},"type":"if","locations":[{"start":{"line":21,"column":9},"end":{"line":28,"column":null}},{"start":{"line":25,"column":9},"end":{"line":28,"column":null}}]},"2":{"loc":{"start":{"line":25,"column":9},"end":{"line":28,"column":null}},"type":"if","locations":[{"start":{"line":25,"column":9},"end":{"line":28,"column":null}}]},"3":{"loc":{"start":{"line":35,"column":4},"end":{"line":39,"column":null}},"type":"if","locations":[{"start":{"line":35,"column":4},"end":{"line":39,"column":null}}]}},"s":{"0":1,"1":1,"2":1,"3":1,"4":1,"5":1,"6":0,"7":0,"8":0,"9":0,"10":0,"11":1,"12":1,"13":0,"14":0,"15":0,"16":1,"17":1,"18":1,"19":1,"20":1,"21":1},"f":{"0":1,"1":1,"2":1},"b":{"0":[1,0],"1":[0,0],"2":[0],"3":[0]}}
,"/home/shay/a/mghera/461/461Group2/run_URL_FILE/metric_calcs.ts": {"path":"/home/shay/a/mghera/461/461Group2/run_URL_FILE/metric_calcs.ts","statementMap":{"0":{"start":{"line":3,"column":0},"end":{"line":3,"column":45}},"1":{"start":{"line":5,"column":0},"end":{"line":5,"column":null}},"2":{"start":{"line":16,"column":19},"end":{"line":16,"column":20}},"3":{"start":{"line":19,"column":20},"end":{"line":19,"column":21}},"4":{"start":{"line":24,"column":29},"end":{"line":24,"column":42}},"5":{"start":{"line":25,"column":30},"end":{"line":25,"column":42}},"6":{"start":{"line":29,"column":27},"end":{"line":29,"column":71}},"7":{"start":{"line":30,"column":20},"end":{"line":30,"column":83}},"8":{"start":{"line":31,"column":4},"end":{"line":31,"column":26}},"9":{"start":{"line":32,"column":4},"end":{"line":32,"column":21}},"10":{"start":{"line":35,"column":4},"end":{"line":35,"column":64}},"11":{"start":{"line":37,"column":4},"end":{"line":37,"column":61}},"12":{"start":{"line":39,"column":4},"end":{"line":39,"column":21}},"13":{"start":{"line":18,"column":0},"end":{"line":18,"column":16}},"14":{"start":{"line":43,"column":23},"end":{"line":43,"column":24}},"15":{"start":{"line":47,"column":30},"end":{"line":47,"column":42}},"16":{"start":{"line":50,"column":20},"end":{"line":50,"column":21}},"17":{"start":{"line":51,"column":4},"end":{"line":56,"column":null}},"18":{"start":{"line":52,"column":8},"end":{"line":52,"column":24}},"19":{"start":{"line":54,"column":31},"end":{"line":54,"column":66}},"20":{"start":{"line":55,"column":8},"end":{"line":55,"column":73}},"21":{"start":{"line":61,"column":23},"end":{"line":61,"column":24}},"22":{"start":{"line":62,"column":26},"end":{"line":62,"column":27}},"23":{"start":{"line":63,"column":26},"end":{"line":63,"column":27}},"24":{"start":{"line":64,"column":4},"end":{"line":67,"column":7}},"25":{"start":{"line":65,"column":8},"end":{"line":65,"column":30}},"26":{"start":{"line":66,"column":8},"end":{"line":66,"column":26}},"27":{"start":{"line":68,"column":4},"end":{"line":70,"column":7}},"28":{"start":{"line":69,"column":8},"end":{"line":69,"column":62}},"29":{"start":{"line":71,"column":4},"end":{"line":71,"column":39}},"30":{"start":{"line":72,"column":4},"end":{"line":74,"column":null}},"31":{"start":{"line":73,"column":8},"end":{"line":73,"column":29}},"32":{"start":{"line":75,"column":4},"end":{"line":75,"column":79}},"33":{"start":{"line":78,"column":4},"end":{"line":78,"column":59}},"34":{"start":{"line":80,"column":4},"end":{"line":80,"column":70}},"35":{"start":{"line":82,"column":4},"end":{"line":82,"column":62}},"36":{"start":{"line":84,"column":4},"end":{"line":84,"column":null}},"37":{"start":{"line":42,"column":0},"end":{"line":42,"column":16}},"38":{"start":{"line":88,"column":4},"end":{"line":106,"column":null}},"39":{"start":{"line":89,"column":20},"end":{"line":89,"column":65}},"40":{"start":{"line":90,"column":8},"end":{"line":90,"column":45}},"41":{"start":{"line":91,"column":27},"end":{"line":91,"column":78}},"42":{"start":{"line":93,"column":28},"end":{"line":93,"column":31}},"43":{"start":{"line":94,"column":29},"end":{"line":94,"column":32}},"44":{"start":{"line":95,"column":33},"end":{"line":95,"column":104}},"45":{"start":{"line":97,"column":28},"end":{"line":97,"column":82}},"46":{"start":{"line":98,"column":8},"end":{"line":98,"column":72}},"47":{"start":{"line":100,"column":8},"end":{"line":100,"column":null}},"48":{"start":{"line":103,"column":8},"end":{"line":103,"column":71}},"49":{"start":{"line":104,"column":8},"end":{"line":104,"column":70}},"50":{"start":{"line":105,"column":8},"end":{"line":105,"column":18}},"51":{"start":{"line":87,"column":0},"end":{"line":87,"column":22}},"52":{"start":{"line":110,"column":4},"end":{"line":129,"column":null}},"53":{"start":{"line":111,"column":32},"end":{"line":111,"column":83}},"54":{"start":{"line":112,"column":36},"end":{"line":112,"column":91}},"55":{"start":{"line":116,"column":38},"end":{"line":116,"column":41}},"56":{"start":{"line":117,"column":38},"end":{"line":117,"column":41}},"57":{"start":{"line":118,"column":42},"end":{"line":118,"column":127}},"58":{"start":{"line":120,"column":22},"end":{"line":120,"column":85}},"59":{"start":{"line":122,"column":8},"end":{"line":122,"column":null}},"60":{"start":{"line":124,"column":8},"end":{"line":124,"column":21}},"61":{"start":{"line":126,"column":8},"end":{"line":126,"column":80}},"62":{"start":{"line":127,"column":8},"end":{"line":127,"column":79}},"63":{"start":{"line":128,"column":8},"end":{"line":128,"column":18}},"64":{"start":{"line":109,"column":0},"end":{"line":109,"column":22}},"65":{"start":{"line":133,"column":19},"end":{"line":133,"column":182}},"66":{"start":{"line":134,"column":26},"end":{"line":134,"column":72}},"67":{"start":{"line":136,"column":4},"end":{"line":136,"column":null}},"68":{"start":{"line":138,"column":4},"end":{"line":138,"column":27}},"69":{"start":{"line":132,"column":0},"end":{"line":132,"column":16}}},"fnMap":{"0":{"name":"calculateRampUp","decl":{"start":{"line":18,"column":16},"end":{"line":18,"column":31}},"loc":{"start":{"line":18,"column":52},"end":{"line":40,"column":1}}},"1":{"name":"calculateBusFactor","decl":{"start":{"line":42,"column":16},"end":{"line":42,"column":34}},"loc":{"start":{"line":42,"column":90},"end":{"line":85,"column":1}}},"2":{"name":"(anonymous_9)","decl":{"start":{"line":64,"column":25},"end":{"line":64,"column":26}},"loc":{"start":{"line":64,"column":56},"end":{"line":67,"column":5}}},"3":{"name":"(anonymous_10)","decl":{"start":{"line":68,"column":25},"end":{"line":68,"column":26}},"loc":{"start":{"line":68,"column":56},"end":{"line":70,"column":5}}},"4":{"name":"calculateCorrectness","decl":{"start":{"line":87,"column":22},"end":{"line":87,"column":42}},"loc":{"start":{"line":87,"column":92},"end":{"line":107,"column":null}}},"5":{"name":"calculateResponsiveMaintainer","decl":{"start":{"line":109,"column":22},"end":{"line":109,"column":51}},"loc":{"start":{"line":109,"column":101},"end":{"line":130,"column":null}}},"6":{"name":"calculateNetScore","decl":{"start":{"line":132,"column":16},"end":{"line":132,"column":33}},"loc":{"start":{"line":132,"column":53},"end":{"line":139,"column":1}}}},"branchMap":{"0":{"loc":{"start":{"line":51,"column":4},"end":{"line":56,"column":null}},"type":"if","locations":[{"start":{"line":51,"column":4},"end":{"line":56,"column":null}},{"start":{"line":53,"column":11},"end":{"line":56,"column":null}}]},"1":{"loc":{"start":{"line":72,"column":4},"end":{"line":74,"column":null}},"type":"if","locations":[{"start":{"line":72,"column":4},"end":{"line":74,"column":null}}]}},"s":{"0":1,"1":1,"2":1,"3":5,"4":5,"5":5,"6":5,"7":5,"8":5,"9":5,"10":5,"11":5,"12":5,"13":1,"14":5,"15":5,"16":5,"17":5,"18":1,"19":4,"20":4,"21":5,"22":5,"23":5,"24":5,"25":11,"26":11,"27":5,"28":11,"29":5,"30":5,"31":0,"32":5,"33":5,"34":5,"35":5,"36":5,"37":1,"38":3,"39":3,"40":3,"41":3,"42":3,"43":3,"44":3,"45":3,"46":3,"47":3,"48":0,"49":0,"50":0,"51":1,"52":3,"53":3,"54":3,"55":3,"56":3,"57":3,"58":3,"59":3,"60":3,"61":0,"62":0,"63":0,"64":1,"65":1,"66":1,"67":1,"68":1,"69":1},"f":{"0":5,"1":5,"2":11,"3":11,"4":3,"5":3,"6":1},"b":{"0":[1,4],"1":[0]}}
,"/home/shay/a/mghera/461/461Group2/run_URL_FILE/metric_calcs_helpers.ts": {"path":"/home/shay/a/mghera/461/461Group2/run_URL_FILE/metric_calcs_helpers.ts","statementMap":{"0":{"start":{"line":1,"column":0},"end":{"line":1,"column":20}},"1":{"start":{"line":2,"column":0},"end":{"line":2,"column":24}},"2":{"start":{"line":4,"column":0},"end":{"line":4,"column":26}},"3":{"start":{"line":5,"column":0},"end":{"line":5,"column":45}},"4":{"start":{"line":8,"column":4},"end":{"line":24,"column":null}},"5":{"start":{"line":10,"column":27},"end":{"line":10,"column":59}},"6":{"start":{"line":12,"column":8},"end":{"line":20,"column":null}},"7":{"start":{"line":14,"column":34},"end":{"line":14,"column":70}},"8":{"start":{"line":16,"column":12},"end":{"line":16,"column":33}},"9":{"start":{"line":19,"column":12},"end":{"line":19,"column":22}},"10":{"start":{"line":23,"column":8},"end":{"line":23,"column":18}},"11":{"start":{"line":7,"column":0},"end":{"line":7,"column":22}},"12":{"start":{"line":28,"column":20},"end":{"line":30,"column":6}},"13":{"start":{"line":32,"column":4},"end":{"line":41,"column":null}},"14":{"start":{"line":33,"column":25},"end":{"line":33,"column":109}},"15":{"start":{"line":34,"column":22},"end":{"line":34,"column":57}},"16":{"start":{"line":35,"column":8},"end":{"line":35,"column":null}},"17":{"start":{"line":36,"column":8},"end":{"line":36,"column":21}},"18":{"start":{"line":38,"column":8},"end":{"line":38,"column":59}},"19":{"start":{"line":39,"column":8},"end":{"line":39,"column":60}},"20":{"start":{"line":40,"column":8},"end":{"line":40,"column":17}},"21":{"start":{"line":27,"column":0},"end":{"line":27,"column":22}},"22":{"start":{"line":45,"column":20},"end":{"line":47,"column":6}},"23":{"start":{"line":48,"column":4},"end":{"line":56,"column":null}},"24":{"start":{"line":49,"column":25},"end":{"line":49,"column":127}},"25":{"start":{"line":50,"column":32},"end":{"line":50,"column":57}},"26":{"start":{"line":51,"column":8},"end":{"line":51,"column":31}},"27":{"start":{"line":53,"column":8},"end":{"line":53,"column":67}},"28":{"start":{"line":54,"column":8},"end":{"line":54,"column":67}},"29":{"start":{"line":55,"column":8},"end":{"line":55,"column":17}},"30":{"start":{"line":44,"column":0},"end":{"line":44,"column":22}},"31":{"start":{"line":60,"column":20},"end":{"line":62,"column":6}},"32":{"start":{"line":63,"column":4},"end":{"line":98,"column":null}},"33":{"start":{"line":64,"column":25},"end":{"line":64,"column":117}},"34":{"start":{"line":66,"column":27},"end":{"line":66,"column":40}},"35":{"start":{"line":67,"column":8},"end":{"line":70,"column":null}},"36":{"start":{"line":69,"column":12},"end":{"line":69,"column":21}},"37":{"start":{"line":73,"column":8},"end":{"line":77,"column":11}},"38":{"start":{"line":74,"column":31},"end":{"line":74,"column":71}},"39":{"start":{"line":75,"column":31},"end":{"line":75,"column":71}},"40":{"start":{"line":76,"column":12},"end":{"line":76,"column":43}},"41":{"start":{"line":80,"column":32},"end":{"line":80,"column":33}},"42":{"start":{"line":81,"column":8},"end":{"line":86,"column":null}},"43":{"start":{"line":81,"column":21},"end":{"line":81,"column":22}},"44":{"start":{"line":82,"column":31},"end":{"line":82,"column":73}},"45":{"start":{"line":83,"column":35},"end":{"line":83,"column":81}},"46":{"start":{"line":84,"column":33},"end":{"line":84,"column":80}},"47":{"start":{"line":85,"column":12},"end":{"line":85,"column":46}},"48":{"start":{"line":88,"column":36},"end":{"line":88,"column":79}},"49":{"start":{"line":89,"column":26},"end":{"line":89,"column":107}},"50":{"start":{"line":91,"column":8},"end":{"line":91,"column":null}},"51":{"start":{"line":93,"column":8},"end":{"line":93,"column":25}},"52":{"start":{"line":95,"column":8},"end":{"line":95,"column":65}},"53":{"start":{"line":96,"column":8},"end":{"line":96,"column":66}},"54":{"start":{"line":97,"column":8},"end":{"line":97,"column":17}},"55":{"start":{"line":59,"column":0},"end":{"line":59,"column":22}},"56":{"start":{"line":102,"column":20},"end":{"line":104,"column":6}},"57":{"start":{"line":106,"column":4},"end":{"line":141,"column":null}},"58":{"start":{"line":107,"column":25},"end":{"line":107,"column":129}},"59":{"start":{"line":109,"column":26},"end":{"line":109,"column":39}},"60":{"start":{"line":110,"column":8},"end":{"line":112,"column":null}},"61":{"start":{"line":111,"column":12},"end":{"line":111,"column":21}},"62":{"start":{"line":115,"column":32},"end":{"line":115,"column":33}},"63":{"start":{"line":116,"column":33},"end":{"line":116,"column":34}},"64":{"start":{"line":117,"column":8},"end":{"line":125,"column":null}},"65":{"start":{"line":118,"column":12},"end":{"line":124,"column":null}},"66":{"start":{"line":119,"column":35},"end":{"line":119,"column":61}},"67":{"start":{"line":120,"column":36},"end":{"line":120,"column":61}},"68":{"start":{"line":121,"column":37},"end":{"line":121,"column":81}},"69":{"start":{"line":122,"column":16},"end":{"line":122,"column":50}},"70":{"start":{"line":123,"column":16},"end":{"line":123,"column":37}},"71":{"start":{"line":126,"column":8},"end":{"line":126,"column":53}},"72":{"start":{"line":127,"column":8},"end":{"line":129,"column":null}},"73":{"start":{"line":128,"column":12},"end":{"line":128,"column":21}},"74":{"start":{"line":131,"column":36},"end":{"line":131,"column":74}},"75":{"start":{"line":132,"column":26},"end":{"line":132,"column":107}},"76":{"start":{"line":134,"column":8},"end":{"line":134,"column":null}},"77":{"start":{"line":136,"column":8},"end":{"line":136,"column":25}},"78":{"start":{"line":138,"column":8},"end":{"line":138,"column":71}},"79":{"start":{"line":139,"column":8},"end":{"line":139,"column":70}},"80":{"start":{"line":140,"column":8},"end":{"line":140,"column":17}},"81":{"start":{"line":101,"column":0},"end":{"line":101,"column":22}}},"fnMap":{"0":{"name":"readReadmeFile","decl":{"start":{"line":7,"column":22},"end":{"line":7,"column":36}},"loc":{"start":{"line":7,"column":53},"end":{"line":25,"column":null}}},"1":{"name":"getUserStars","decl":{"start":{"line":27,"column":22},"end":{"line":27,"column":34}},"loc":{"start":{"line":27,"column":84},"end":{"line":42,"column":null}}},"2":{"name":"getOpenIssuesCount","decl":{"start":{"line":44,"column":22},"end":{"line":44,"column":40}},"loc":{"start":{"line":44,"column":90},"end":{"line":57,"column":null}}},"3":{"name":"getCommitFrequency","decl":{"start":{"line":59,"column":22},"end":{"line":59,"column":40}},"loc":{"start":{"line":59,"column":90},"end":{"line":99,"column":null}}},"4":{"name":"(anonymous_16)","decl":{"start":{"line":73,"column":24},"end":{"line":73,"column":25}},"loc":{"start":{"line":73,"column":43},"end":{"line":77,"column":9}}},"5":{"name":"getIssueResolutionTime","decl":{"start":{"line":101,"column":22},"end":{"line":101,"column":44}},"loc":{"start":{"line":101,"column":94},"end":{"line":142,"column":null}}}},"branchMap":{"0":{"loc":{"start":{"line":12,"column":8},"end":{"line":20,"column":null}},"type":"if","locations":[{"start":{"line":12,"column":8},"end":{"line":20,"column":null}},{"start":{"line":17,"column":15},"end":{"line":20,"column":null}}]},"1":{"loc":{"start":{"line":34,"column":22},"end":{"line":34,"column":57}},"type":"binary-expr","locations":[{"start":{"line":34,"column":22},"end":{"line":34,"column":52}},{"start":{"line":34,"column":56},"end":{"line":34,"column":57}}]},"2":{"loc":{"start":{"line":50,"column":32},"end":{"line":50,"column":57}},"type":"binary-expr","locations":[{"start":{"line":50,"column":32},"end":{"line":50,"column":52}},{"start":{"line":50,"column":56},"end":{"line":50,"column":57}}]},"3":{"loc":{"start":{"line":67,"column":8},"end":{"line":70,"column":null}},"type":"if","locations":[{"start":{"line":67,"column":8},"end":{"line":70,"column":null}}]},"4":{"loc":{"start":{"line":110,"column":8},"end":{"line":112,"column":null}},"type":"if","locations":[{"start":{"line":110,"column":8},"end":{"line":112,"column":null}}]},"5":{"loc":{"start":{"line":118,"column":12},"end":{"line":124,"column":null}},"type":"if","locations":[{"start":{"line":118,"column":12},"end":{"line":124,"column":null}}]},"6":{"loc":{"start":{"line":118,"column":16},"end":{"line":118,"column":79}},"type":"binary-expr","locations":[{"start":{"line":118,"column":16},"end":{"line":118,"column":40}},{"start":{"line":118,"column":44},"end":{"line":118,"column":60}},{"start":{"line":118,"column":64},"end":{"line":118,"column":79}}]},"7":{"loc":{"start":{"line":127,"column":8},"end":{"line":129,"column":null}},"type":"if","locations":[{"start":{"line":127,"column":8},"end":{"line":129,"column":null}}]}},"s":{"0":1,"1":1,"2":1,"3":1,"4":0,"5":0,"6":0,"7":0,"8":0,"9":0,"10":0,"11":1,"12":3,"13":3,"14":3,"15":3,"16":1,"17":1,"18":2,"19":2,"20":2,"21":1,"22":3,"23":3,"24":3,"25":3,"26":1,"27":2,"28":2,"29":2,"30":1,"31":3,"32":3,"33":3,"34":3,"35":1,"36":0,"37":1,"38":0,"39":0,"40":0,"41":0,"42":0,"43":0,"44":0,"45":0,"46":0,"47":0,"48":0,"49":0,"50":0,"51":0,"52":3,"53":3,"54":3,"55":1,"56":3,"57":3,"58":3,"59":3,"60":1,"61":0,"62":1,"63":1,"64":1,"65":20,"66":0,"67":0,"68":0,"69":0,"70":0,"71":1,"72":1,"73":1,"74":0,"75":0,"76":0,"77":0,"78":2,"79":2,"80":2,"81":1},"f":{"0":0,"1":3,"2":3,"3":3,"4":0,"5":3},"b":{"0":[0,0],"1":[3,1],"2":[3,0],"3":[0],"4":[0],"5":[0],"6":[20,0,0],"7":[1]}}
}
