TN:
SF:run_URL_FILE\fetch_url.ts
FN:51,(anonymous_15)
FN:62,(anonymous_16)
FN:66,(anonymous_17)
FN:70,(anonymous_18)
FN:74,(anonymous_19)
FN:78,(anonymous_20)
FN:82,(anonymous_21)
FN:86,(anonymous_22)
FN:90,(anonymous_23)
FN:94,(anonymous_24)
FN:98,(anonymous_25)
FN:110,(anonymous_26)
FN:118,(anonymous_27)
FN:139,(anonymous_28)
FN:145,(anonymous_29)
FN:152,(anonymous_30)
FN:157,retrieveGithubKey
FN:171,getPackageObject
FN:177,(anonymous_34)
FN:181,(anonymous_35)
FN:189,(anonymous_36)
FN:196,(anonymous_37)
FN:201,(anonymous_38)
FN:213,(anonymous_39)
FN:223,extractTarball
FN:224,(anonymous_42)
FN:232,cloneRepository
FN:250,(anonymous_45)
FN:260,(anonymous_46)
FN:278,calculateAllMetrics
FN:282,(anonymous_49)
FN:289,(anonymous_50)
FN:292,(anonymous_51)
FN:294,(anonymous_52)
FN:302,fetchUrlsFromFile
FN:351,getGithubDetailsFromNpm
FN:374,printAllMetrics
FN:391,(anonymous_58)
FN:393,(anonymous_59)
FNF:39
FNH:4
FNDA:0,(anonymous_15)
FNDA:0,(anonymous_16)
FNDA:0,(anonymous_17)
FNDA:0,(anonymous_18)
FNDA:0,(anonymous_19)
FNDA:0,(anonymous_20)
FNDA:0,(anonymous_21)
FNDA:0,(anonymous_22)
FNDA:0,(anonymous_23)
FNDA:0,(anonymous_24)
FNDA:0,(anonymous_25)
FNDA:0,(anonymous_26)
FNDA:0,(anonymous_27)
FNDA:0,(anonymous_28)
FNDA:0,(anonymous_29)
FNDA:0,(anonymous_30)
FNDA:3,retrieveGithubKey
FNDA:0,getPackageObject
FNDA:0,(anonymous_34)
FNDA:0,(anonymous_35)
FNDA:0,(anonymous_36)
FNDA:0,(anonymous_37)
FNDA:0,(anonymous_38)
FNDA:0,(anonymous_39)
FNDA:0,extractTarball
FNDA:0,(anonymous_42)
FNDA:0,cloneRepository
FNDA:0,(anonymous_45)
FNDA:0,(anonymous_46)
FNDA:1,calculateAllMetrics
FNDA:0,(anonymous_49)
FNDA:0,(anonymous_50)
FNDA:0,(anonymous_51)
FNDA:0,(anonymous_52)
FNDA:1,fetchUrlsFromFile
FNDA:0,getGithubDetailsFromNpm
FNDA:0,printAllMetrics
FNDA:1,(anonymous_58)
FNDA:0,(anonymous_59)
DA:7,1
DA:8,1
DA:10,1
DA:13,1
DA:14,1
DA:16,1
DA:18,1
DA:21,1
DA:22,1
DA:23,1
DA:24,1
DA:25,1
DA:27,1
DA:29,1
DA:37,1
DA:41,1
DA:46,1
DA:49,1
DA:51,1
DA:52,0
DA:53,0
DA:54,0
DA:55,0
DA:56,0
DA:57,0
DA:58,0
DA:59,0
DA:60,0
DA:63,0
DA:67,0
DA:71,0
DA:75,0
DA:79,0
DA:83,0
DA:87,0
DA:91,0
DA:95,0
DA:99,0
DA:108,0
DA:109,0
DA:110,0
DA:111,0
DA:114,0
DA:115,0
DA:116,0
DA:118,0
DA:119,0
DA:122,0
DA:123,0
DA:124,0
DA:125,0
DA:126,0
DA:127,0
DA:128,0
DA:130,0
DA:140,0
DA:141,0
DA:142,0
DA:146,0
DA:147,0
DA:149,0
DA:153,0
DA:158,3
DA:159,3
DA:160,1
DA:161,1
DA:162,1
DA:164,2
DA:165,2
DA:172,0
DA:176,0
DA:178,0
DA:179,0
DA:181,0
DA:182,0
DA:183,0
DA:184,0
DA:187,0
DA:190,0
DA:191,0
DA:192,0
DA:195,0
DA:197,0
DA:198,0
DA:202,0
DA:203,0
DA:206,0
DA:207,0
DA:209,0
DA:210,0
DA:213,0
DA:214,0
DA:217,0
DA:218,0
DA:220,0
DA:224,0
DA:225,0
DA:233,0
DA:235,0
DA:237,0
DA:238,0
DA:239,0
DA:243,0
DA:246,0
DA:247,0
DA:248,0
DA:250,0
DA:251,0
DA:252,0
DA:256,0
DA:260,0
DA:261,0
DA:265,0
DA:271,0
DA:272,0
DA:273,0
DA:275,0
DA:279,1
DA:280,0
DA:281,0
DA:283,0
DA:285,0
DA:288,1
DA:289,1
DA:290,0
DA:291,0
DA:292,0
DA:293,0
DA:295,0
DA:303,1
DA:304,1
DA:306,0
DA:308,0
DA:310,0
DA:311,0
DA:313,0
DA:314,0
DA:315,0
DA:317,0
DA:318,0
DA:319,0
DA:320,0
DA:323,0
DA:324,0
DA:325,0
DA:326,0
DA:329,0
DA:330,0
DA:331,0
DA:332,0
DA:335,0
DA:336,0
DA:340,0
DA:343,0
DA:346,1
DA:347,1
DA:352,0
DA:354,0
DA:355,0
DA:358,0
DA:360,0
DA:362,0
DA:363,0
DA:364,0
DA:365,0
DA:369,0
DA:370,0
DA:375,0
DA:376,0
DA:382,1
DA:388,1
DA:389,1
DA:391,1
DA:392,1
DA:393,1
DA:394,0
DA:398,1
LF:177
LH:40
BRDA:146,0,0,0
BRDA:159,1,0,1
BRDA:159,1,1,2
BRDA:197,2,0,0
BRDA:206,3,0,0
BRDA:206,3,1,0
BRDA:238,4,0,0
BRDA:313,5,0,0
BRDA:313,5,1,0
BRDA:313,6,0,0
BRDA:313,6,1,0
BRDA:313,6,2,0
BRDA:317,7,0,0
BRDA:317,7,1,0
BRDA:324,8,0,0
BRDA:329,9,0,0
BRDA:358,10,0,0
BRDA:358,10,1,0
BRDA:360,11,0,0
BRDA:360,12,0,0
BRDA:360,12,1,0
BRF:21
BRH:2
end_of_record
TN:
SF:run_URL_FILE\logger.ts
FN:15,getLogLevel
FN:33,getLogPath
FN:44,getLogger
FNF:3
FNH:3
FNDA:1,getLogLevel
FNDA:1,getLogPath
FNDA:1,getLogger
DA:1,1
DA:3,1
DA:9,1
DA:16,1
DA:17,1
DA:19,0
DA:21,1
DA:23,0
DA:25,1
DA:27,0
DA:30,1
DA:34,1
DA:35,1
DA:36,0
DA:37,0
DA:38,0
DA:41,1
DA:44,1
DA:45,1
DA:46,1
DA:48,1
DA:57,1
LF:22
LH:16
BRDA:17,0,0,0
BRDA:17,0,1,1
BRDA:21,1,0,0
BRDA:21,1,1,1
BRDA:25,2,0,0
BRDA:35,3,0,0
BRF:6
BRH:2
end_of_record
TN:
SF:run_URL_FILE\metric_calcs.ts
FN:18,calculateRampUp
FN:42,calculateBusFactor
FN:64,(anonymous_9)
FN:68,(anonymous_10)
FN:87,calculateCorrectness
FN:109,calculateResponsiveMaintainer
FN:132,calculateNetScore
FNF:7
FNH:4
FNDA:4,calculateRampUp
FNDA:4,calculateBusFactor
FNDA:11,(anonymous_9)
FNDA:11,(anonymous_10)
FNDA:0,calculateCorrectness
FNDA:0,calculateResponsiveMaintainer
FNDA:0,calculateNetScore
DA:3,1
DA:5,1
DA:16,1
DA:18,1
DA:19,4
DA:24,4
DA:25,4
DA:29,4
DA:30,4
DA:31,4
DA:32,4
DA:35,4
DA:37,4
DA:39,4
DA:42,1
DA:43,4
DA:47,4
DA:50,4
DA:51,4
DA:52,1
DA:54,3
DA:55,3
DA:61,4
DA:62,4
DA:63,4
DA:64,4
DA:65,11
DA:66,11
DA:68,4
DA:69,11
DA:71,4
DA:72,4
DA:73,0
DA:75,4
DA:78,4
DA:80,4
DA:82,4
DA:84,4
DA:87,1
DA:88,0
DA:89,0
DA:90,0
DA:91,0
DA:93,0
DA:94,0
DA:95,0
DA:97,0
DA:98,0
DA:100,0
DA:103,0
DA:104,0
DA:105,0
DA:109,1
DA:110,0
DA:111,0
DA:112,0
DA:116,0
DA:117,0
DA:118,0
DA:120,0
DA:122,0
DA:124,0
DA:126,0
DA:127,0
DA:128,0
DA:132,1
DA:133,0
DA:134,0
DA:136,0
DA:138,0
LF:70
LH:40
BRDA:51,0,0,1
BRDA:51,0,1,3
BRDA:72,1,0,0
BRF:3
BRH:2
end_of_record
TN:
SF:run_URL_FILE\metric_calcs_helpers.ts
FN:7,readReadmeFile
FN:27,getUserStars
FN:44,getOpenIssuesCount
FN:59,getCommitFrequency
FN:73,(anonymous_16)
FN:101,getIssueResolutionTime
FNF:6
FNH:1
FNDA:0,readReadmeFile
FNDA:1,getUserStars
FNDA:0,getOpenIssuesCount
FNDA:0,getCommitFrequency
FNDA:0,(anonymous_16)
FNDA:0,getIssueResolutionTime
DA:1,1
DA:2,1
DA:4,1
DA:5,1
DA:7,1
DA:8,0
DA:10,0
DA:12,0
DA:14,0
DA:16,0
DA:19,0
DA:23,0
DA:27,1
DA:28,1
DA:32,1
DA:33,1
DA:34,1
DA:35,1
DA:36,1
DA:38,0
DA:39,0
DA:40,0
DA:44,1
DA:45,0
DA:48,0
DA:49,0
DA:50,0
DA:51,0
DA:53,0
DA:54,0
DA:55,0
DA:59,1
DA:60,0
DA:63,0
DA:64,0
DA:66,0
DA:67,0
DA:69,0
DA:73,0
DA:74,0
DA:75,0
DA:76,0
DA:80,0
DA:81,0
DA:82,0
DA:83,0
DA:84,0
DA:85,0
DA:88,0
DA:89,0
DA:91,0
DA:93,0
DA:95,0
DA:96,0
DA:97,0
DA:101,1
DA:102,0
DA:106,0
DA:107,0
DA:109,0
DA:110,0
DA:111,0
DA:115,0
DA:116,0
DA:117,0
DA:118,0
DA:119,0
DA:120,0
DA:121,0
DA:122,0
DA:123,0
DA:126,0
DA:127,0
DA:128,0
DA:131,0
DA:132,0
DA:134,0
DA:136,0
DA:138,0
DA:139,0
DA:140,0
LF:81
LH:15
BRDA:12,0,0,0
BRDA:12,0,1,0
BRDA:34,1,0,1
BRDA:34,1,1,1
BRDA:50,2,0,0
BRDA:50,2,1,0
BRDA:67,3,0,0
BRDA:110,4,0,0
BRDA:118,5,0,0
BRDA:118,6,0,0
BRDA:118,6,1,0
BRDA:118,6,2,0
BRDA:127,7,0,0
BRF:13
BRH:2
end_of_record
