TN:
SF:run_URL_FILE\fetch_url.ts
FN:52,(anonymous_21)
FN:63,(anonymous_22)
FN:67,(anonymous_23)
FN:71,(anonymous_24)
FN:75,(anonymous_25)
FN:79,(anonymous_26)
FN:83,(anonymous_27)
FN:87,(anonymous_28)
FN:91,(anonymous_29)
FN:95,(anonymous_30)
FN:99,(anonymous_31)
FN:111,(anonymous_32)
FN:119,(anonymous_33)
FN:140,(anonymous_34)
FN:146,(anonymous_35)
FN:153,(anonymous_36)
FN:158,retrieveGithubKey
FN:172,getPackageObject
FN:178,(anonymous_40)
FN:182,(anonymous_41)
FN:190,(anonymous_42)
FN:197,(anonymous_43)
FN:202,(anonymous_44)
FN:214,(anonymous_45)
FN:224,extractTarball
FN:225,(anonymous_48)
FN:233,cloneRepository
FN:251,(anonymous_51)
FN:261,(anonymous_52)
FN:281,calculateAllMetrics
FN:285,(anonymous_55)
FN:292,(anonymous_56)
FN:295,(anonymous_57)
FN:297,(anonymous_58)
FN:305,fetchUrlsFromFile
FN:354,getGithubDetailsFromNpm
FN:377,printAllMetrics
FN:394,(anonymous_64)
FN:396,(anonymous_65)
FNF:39
FNH:16
FNDA:2,(anonymous_21)
FNDA:2,(anonymous_22)
FNDA:0,(anonymous_23)
FNDA:0,(anonymous_24)
FNDA:1,(anonymous_25)
FNDA:0,(anonymous_26)
FNDA:0,(anonymous_27)
FNDA:2,(anonymous_28)
FNDA:2,(anonymous_29)
FNDA:0,(anonymous_30)
FNDA:0,(anonymous_31)
FNDA:0,(anonymous_32)
FNDA:0,(anonymous_33)
FNDA:0,(anonymous_34)
FNDA:0,(anonymous_35)
FNDA:0,(anonymous_36)
FNDA:4,retrieveGithubKey
FNDA:2,getPackageObject
FNDA:1,(anonymous_40)
FNDA:2,(anonymous_41)
FNDA:1,(anonymous_42)
FNDA:1,(anonymous_43)
FNDA:1,(anonymous_44)
FNDA:2,(anonymous_45)
FNDA:0,extractTarball
FNDA:0,(anonymous_48)
FNDA:0,cloneRepository
FNDA:0,(anonymous_51)
FNDA:0,(anonymous_52)
FNDA:1,calculateAllMetrics
FNDA:0,(anonymous_55)
FNDA:0,(anonymous_56)
FNDA:0,(anonymous_57)
FNDA:0,(anonymous_58)
FNDA:1,fetchUrlsFromFile
FNDA:0,getGithubDetailsFromNpm
FNDA:0,printAllMetrics
FNDA:1,(anonymous_64)
FNDA:0,(anonymous_65)
DA:7,1
DA:8,1
DA:10,1
DA:13,1
DA:14,1
DA:16,1
DA:18,1
DA:21,1
DA:22,1
DA:23,1
DA:24,1
DA:25,1
DA:26,1
DA:28,1
DA:30,1
DA:38,1
DA:42,1
DA:47,1
DA:50,1
DA:52,1
DA:53,2
DA:54,2
DA:55,2
DA:56,2
DA:57,2
DA:58,2
DA:59,2
DA:60,2
DA:61,2
DA:64,2
DA:68,0
DA:72,0
DA:76,1
DA:80,0
DA:84,0
DA:88,2
DA:92,2
DA:96,0
DA:100,0
DA:109,0
DA:110,0
DA:111,0
DA:112,0
DA:115,0
DA:116,0
DA:117,0
DA:119,0
DA:120,0
DA:123,0
DA:124,0
DA:125,0
DA:126,0
DA:127,0
DA:128,0
DA:129,0
DA:131,0
DA:141,0
DA:142,0
DA:143,0
DA:147,0
DA:148,0
DA:150,0
DA:154,0
DA:159,4
DA:160,4
DA:161,1
DA:162,1
DA:163,1
DA:165,3
DA:166,3
DA:173,2
DA:177,2
DA:179,1
DA:180,1
DA:182,1
DA:183,2
DA:184,2
DA:185,2
DA:188,1
DA:191,1
DA:192,1
DA:193,1
DA:196,2
DA:198,1
DA:199,0
DA:203,1
DA:204,1
DA:207,2
DA:208,2
DA:210,0
DA:211,0
DA:214,2
DA:215,2
DA:218,2
DA:219,2
DA:221,2
DA:225,0
DA:226,0
DA:234,0
DA:236,0
DA:238,0
DA:239,0
DA:240,0
DA:244,0
DA:247,0
DA:248,0
DA:249,0
DA:251,0
DA:252,0
DA:253,0
DA:257,0
DA:261,0
DA:262,0
DA:266,0
DA:268,0
DA:274,0
DA:275,0
DA:276,0
DA:278,0
DA:282,1
DA:283,0
DA:284,0
DA:286,0
DA:288,0
DA:291,1
DA:292,1
DA:293,0
DA:294,0
DA:295,0
DA:296,0
DA:298,0
DA:306,1
DA:307,1
DA:309,0
DA:311,0
DA:313,0
DA:314,0
DA:316,0
DA:317,0
DA:318,0
DA:320,0
DA:321,0
DA:322,0
DA:323,0
DA:326,0
DA:327,0
DA:328,0
DA:329,0
DA:332,0
DA:333,0
DA:334,0
DA:335,0
DA:338,0
DA:339,0
DA:343,0
DA:346,0
DA:349,1
DA:350,1
DA:355,0
DA:357,0
DA:358,0
DA:361,0
DA:363,0
DA:365,0
DA:366,0
DA:367,0
DA:368,0
DA:372,0
DA:373,0
DA:378,0
DA:379,0
DA:385,1
DA:391,1
DA:392,1
DA:394,1
DA:395,1
DA:396,1
DA:397,0
DA:401,1
LF:179
LH:77
BRDA:147,0,0,0
BRDA:160,1,0,1
BRDA:160,1,1,3
BRDA:198,2,0,0
BRDA:207,3,0,2
BRDA:207,3,1,0
BRDA:239,4,0,0
BRDA:316,5,0,0
BRDA:316,5,1,0
BRDA:316,6,0,0
BRDA:316,6,1,0
BRDA:316,6,2,0
BRDA:320,7,0,0
BRDA:320,7,1,0
BRDA:327,8,0,0
BRDA:332,9,0,0
BRDA:361,10,0,0
BRDA:361,10,1,0
BRDA:363,11,0,0
BRDA:363,12,0,0
BRDA:363,12,1,0
BRF:21
BRH:3
end_of_record
TN:
SF:run_URL_FILE\logger.ts
FN:15,getLogLevel
FN:33,getLogPath
FN:44,getLogger
FNF:3
FNH:3
FNDA:1,getLogLevel
FNDA:1,getLogPath
FNDA:1,getLogger
DA:1,1
DA:3,1
DA:9,1
DA:16,1
DA:17,1
DA:19,0
DA:21,1
DA:23,0
DA:25,1
DA:27,0
DA:30,1
DA:34,1
DA:35,1
DA:36,0
DA:37,0
DA:38,0
DA:41,1
DA:44,1
DA:45,1
DA:46,1
DA:48,1
DA:57,1
LF:22
LH:16
BRDA:17,0,0,0
BRDA:17,0,1,1
BRDA:21,1,0,0
BRDA:21,1,1,1
BRDA:25,2,0,0
BRDA:35,3,0,0
BRF:6
BRH:2
end_of_record
TN:
SF:run_URL_FILE\metric_calcs.ts
FN:18,calculateRampUp
FN:42,calculateBusFactor
FN:64,(anonymous_9)
FN:68,(anonymous_10)
FN:87,calculateCorrectness
FN:109,calculateResponsiveMaintainer
FN:132,calculateNetScore
FNF:7
FNH:6
FNDA:4,calculateRampUp
FNDA:4,calculateBusFactor
FNDA:11,(anonymous_9)
FNDA:11,(anonymous_10)
FNDA:2,calculateCorrectness
FNDA:2,calculateResponsiveMaintainer
FNDA:0,calculateNetScore
DA:3,1
DA:5,1
DA:16,1
DA:18,1
DA:19,4
DA:24,4
DA:25,4
DA:29,4
DA:30,4
DA:31,4
DA:32,4
DA:35,4
DA:37,4
DA:39,4
DA:42,1
DA:43,4
DA:47,4
DA:50,4
DA:51,4
DA:52,1
DA:54,3
DA:55,3
DA:61,4
DA:62,4
DA:63,4
DA:64,4
DA:65,11
DA:66,11
DA:68,4
DA:69,11
DA:71,4
DA:72,4
DA:73,0
DA:75,4
DA:78,4
DA:80,4
DA:82,4
DA:84,4
DA:87,1
DA:88,2
DA:89,2
DA:90,2
DA:91,2
DA:93,2
DA:94,2
DA:95,2
DA:97,2
DA:98,2
DA:100,2
DA:103,0
DA:104,0
DA:105,0
DA:109,1
DA:110,2
DA:111,2
DA:112,2
DA:116,2
DA:117,2
DA:118,2
DA:120,2
DA:122,2
DA:124,2
DA:126,0
DA:127,0
DA:128,0
DA:132,1
DA:133,0
DA:134,0
DA:136,0
DA:138,0
LF:70
LH:59
BRDA:51,0,0,1
BRDA:51,0,1,3
BRDA:72,1,0,0
BRF:3
BRH:2
end_of_record
TN:
SF:run_URL_FILE\metric_calcs_helpers.ts
FN:7,readReadmeFile
FN:27,getUserStars
FN:44,getOpenIssuesCount
FN:59,getCommitFrequency
FN:73,(anonymous_16)
FN:101,getIssueResolutionTime
FNF:6
FNH:4
FNDA:0,readReadmeFile
FNDA:2,getUserStars
FNDA:2,getOpenIssuesCount
FNDA:2,getCommitFrequency
FNDA:0,(anonymous_16)
FNDA:2,getIssueResolutionTime
DA:1,1
DA:2,1
DA:4,1
DA:5,1
DA:7,1
DA:8,0
DA:10,0
DA:12,0
DA:14,0
DA:16,0
DA:19,0
DA:23,0
DA:27,1
DA:28,2
DA:32,2
DA:33,2
DA:34,2
DA:35,0
DA:36,0
DA:38,2
DA:39,2
DA:40,2
DA:44,1
DA:45,2
DA:48,2
DA:49,2
DA:50,2
DA:51,0
DA:53,2
DA:54,2
DA:55,2
DA:59,1
DA:60,2
DA:63,2
DA:64,2
DA:66,2
DA:67,0
DA:69,0
DA:73,0
DA:74,0
DA:75,0
DA:76,0
DA:80,0
DA:81,0
DA:82,0
DA:83,0
DA:84,0
DA:85,0
DA:88,0
DA:89,0
DA:91,0
DA:93,0
DA:95,2
DA:96,2
DA:97,2
DA:101,1
DA:102,2
DA:106,2
DA:107,2
DA:109,2
DA:110,0
DA:111,0
DA:115,0
DA:116,0
DA:117,0
DA:118,0
DA:119,0
DA:120,0
DA:121,0
DA:122,0
DA:123,0
DA:126,0
DA:127,0
DA:128,0
DA:131,0
DA:132,0
DA:134,0
DA:136,0
DA:138,2
DA:139,2
DA:140,2
LF:81
LH:37
BRDA:12,0,0,0
BRDA:12,0,1,0
BRDA:34,1,0,2
BRDA:34,1,1,0
BRDA:50,2,0,2
BRDA:50,2,1,0
BRDA:67,3,0,0
BRDA:110,4,0,0
BRDA:118,5,0,0
BRDA:118,6,0,0
BRDA:118,6,1,0
BRDA:118,6,2,0
BRDA:127,7,0,0
BRF:13
BRH:2
end_of_record
